11.4.2024, 19:38:29 - INFO - server | listen() | Up and running on port 3031
11.4.2024, 19:38:33 - INFO - socket.service | io.on.connection | New connected socket [id: s0xAMFso2fmmmeV0AAAB
11.4.2024, 19:38:58 - INFO - socket.service | socket.on.disconnect | Socket disconnected [userId: undefined]
11.4.2024, 19:39:03 - INFO - socket.service | io.on.connection | New connected socket [id: 9sMe2azqUjBsQ7nCAAAD
11.4.2024, 19:39:03 - INFO - socket.service | socket.on.SOCKET_AUTH_EVENT_LOGIN | Setting socket.userId = 65e9885d465f1e7de899e251 ; socket.username = lucas for socket [id: 9sMe2azqUjBsQ7nCAAAD]
11.4.2024, 19:41:48 - INFO - socket.service | socket.on.disconnect | Socket disconnected [userId: undefined]
11.4.2024, 19:41:49 - INFO - socket.service | io.on.connection | New connected socket [id: tEYRwksI6oOOe4uKAAAF
11.4.2024, 19:41:49 - INFO - socket.service | socket.on.SOCKET_AUTH_EVENT_LOGIN | Setting socket.userId = 65e9885d465f1e7de899e251 ; socket.username = lucas for socket [id: tEYRwksI6oOOe4uKAAAF]
11.4.2024, 19:59:08 - INFO - socket.service | socket.on.disconnect | Socket disconnected [userId: undefined]
11.4.2024, 19:59:09 - INFO - socket.service | io.on.connection | New connected socket [id: 9ICCpnZXHkSGlYd7AAAH
11.4.2024, 19:59:09 - INFO - socket.service | socket.on.SOCKET_AUTH_EVENT_LOGIN | Setting socket.userId = 65e9885d465f1e7de899e251 ; socket.username = lucas for socket [id: 9ICCpnZXHkSGlYd7AAAH]
11.4.2024, 20:01:01 - INFO - socket.service | socket.on.disconnect | Socket disconnected [userId: undefined]
11.4.2024, 20:01:01 - INFO - socket.service | io.on.connection | New connected socket [id: J7JvLS7CY02BB1xmAAAJ
11.4.2024, 20:01:01 - INFO - socket.service | socket.on.SOCKET_AUTH_EVENT_LOGIN | Setting socket.userId = 65e9885d465f1e7de899e251 ; socket.username = lucas for socket [id: J7JvLS7CY02BB1xmAAAJ]
11.4.2024, 20:03:54 - INFO - server | listen() | Up and running on port 3031
11.4.2024, 20:03:55 - INFO - socket.service | io.on.connection | New connected socket [id: JzEb3dw2VmnZWxWYAAAB
11.4.2024, 20:16:15 - INFO - server | listen() | Up and running on port 3031
11.4.2024, 20:16:23 - INFO - socket.service | io.on.connection | New connected socket [id: e6joIIFdmRNMWKJ2AAAB
11.4.2024, 20:16:24 - INFO - socket.service | socket.on.SOCKET_AUTH_EVENT_LOGIN | Setting socket.userId = 65e9885d465f1e7de899e251 ; socket.username = lucas for socket [id: e6joIIFdmRNMWKJ2AAAB]
11.4.2024, 20:16:45 - INFO - socket.service | socket.on.disconnect | Socket disconnected [userId: undefined]
11.4.2024, 20:16:45 - INFO - socket.service | io.on.connection | New connected socket [id: ofpVs0KvsNzoB8_pAAAD
11.4.2024, 20:16:46 - INFO - socket.service | socket.on.SOCKET_AUTH_EVENT_LOGIN | Setting socket.userId = 65e9885d465f1e7de899e251 ; socket.username = lucas for socket [id: ofpVs0KvsNzoB8_pAAAD]
11.4.2024, 20:16:57 - INFO - socket.service | socket.on.disconnect | Socket disconnected [userId: undefined]
11.4.2024, 20:16:57 - INFO - socket.service | io.on.connection | New connected socket [id: jPByAFsgSeXaMRPXAAAF
11.4.2024, 20:16:57 - INFO - socket.service | socket.on.SOCKET_AUTH_EVENT_LOGIN | Setting socket.userId = 65e9885d465f1e7de899e251 ; socket.username = lucas for socket [id: jPByAFsgSeXaMRPXAAAF]
11.4.2024, 20:17:43 - INFO - socket.service | socket.on.disconnect | Socket disconnected [userId: undefined]
11.4.2024, 20:17:43 - INFO - socket.service | io.on.connection | New connected socket [id: 9j6nsU-QgCloyx7lAAAH
11.4.2024, 20:17:44 - INFO - socket.service | socket.on.SOCKET_AUTH_EVENT_LOGIN | Setting socket.userId = 65e9885d465f1e7de899e251 ; socket.username = lucas for socket [id: 9j6nsU-QgCloyx7lAAAH]
12.4.2024, 14:49:43 - INFO - server | listen() | Up and running on port 3031
12.4.2024, 14:49:43 - INFO - socket.service | io.on.connection | New connected socket [id: bFzxXARJ0W1ZaiLlAAAB
12.4.2024, 14:49:48 - ERROR - auth.service | validateToken() | Invalid login token | Error: value must not be null or undefined
12.4.2024, 15:02:13 - INFO - socket.service | socket.on.disconnect | Socket disconnected [userId: undefined]
12.4.2024, 15:03:59 - INFO - socket.service | io.on.connection | New connected socket [id: gGQhXqifDgAxHuSFAAAD
12.4.2024, 15:04:24 - INFO - socket.service | io.on.connection | New connected socket [id: dfLfR8WCIF82hangAAAF
12.4.2024, 15:04:35 - ERROR - auth.service | login() | Had problems login user locas | {"code":400,"message":"Unknown user"}
12.4.2024, 15:04:35 - ERROR - auth.controller | login() | Failed to login | {"code":400,"message":"Unknown user"}
12.4.2024, 15:04:46 - ERROR - auth.service | login() | Had problems login user locas | {"code":400,"message":"Unknown user"}
12.4.2024, 15:04:46 - ERROR - auth.controller | login() | Failed to login | {"code":400,"message":"Unknown user"}
12.4.2024, 15:04:58 - INFO - socket.service | socket.on.SOCKET_AUTH_EVENT_LOGIN | Setting socket.userId = 65e9885d465f1e7de899e251 ; socket.username = lucas for socket [id: dfLfR8WCIF82hangAAAF]
12.4.2024, 15:05:19 - INFO - socket.service | socket.on.disconnect | Socket disconnected [userId: undefined]
12.4.2024, 15:05:20 - INFO - socket.service | io.on.connection | New connected socket [id: 0FcEZtvqzlf2JkwlAAAH
12.4.2024, 15:05:20 - INFO - socket.service | socket.on.SOCKET_AUTH_EVENT_LOGIN | Setting socket.userId = 65e9885d465f1e7de899e251 ; socket.username = lucas for socket [id: 0FcEZtvqzlf2JkwlAAAH]
12.4.2024, 15:05:21 - INFO - socket.service | io.on.connection | New connected socket [id: whaf5UfGbqFN0SpTAAAJ
12.4.2024, 15:20:06 - INFO - socket.service | socket.on.disconnect | Socket disconnected [userId: undefined]
12.4.2024, 15:20:06 - INFO - socket.service | socket.on.disconnect | Socket disconnected [userId: undefined]
12.4.2024, 15:20:06 - INFO - socket.service | io.on.connection | New connected socket [id: tRiAT3oITIQFAYsjAAAL
12.4.2024, 15:20:06 - INFO - socket.service | socket.on.SOCKET_AUTH_EVENT_LOGIN | Setting socket.userId = 65e9885d465f1e7de899e251 ; socket.username = lucas for socket [id: tRiAT3oITIQFAYsjAAAL]
12.4.2024, 15:20:08 - INFO - socket.service | io.on.connection | New connected socket [id: grd1EN7gD0FOVaNuAAAN
12.4.2024, 15:22:09 - INFO - socket.service | socket.on.disconnect | Socket disconnected [userId: undefined]
12.4.2024, 15:22:10 - INFO - socket.service | io.on.connection | New connected socket [id: VZuYvTbWglP8UKUCAAAP
12.4.2024, 15:22:10 - INFO - socket.service | socket.on.SOCKET_AUTH_EVENT_LOGIN | Setting socket.userId = 65e9885d465f1e7de899e251 ; socket.username = lucas for socket [id: VZuYvTbWglP8UKUCAAAP]
12.4.2024, 15:22:11 - INFO - socket.service | io.on.connection | New connected socket [id: w-5lySjAXp947yQnAAAR
12.4.2024, 16:10:52 - INFO - socket.service | socket.on.disconnect | Socket disconnected [userId: undefined]
12.4.2024, 16:10:54 - INFO - socket.service | socket.on.disconnect | Socket disconnected [userId: undefined]
12.4.2024, 16:11:03 - INFO - socket.service | io.on.connection | New connected socket [id: W_1-o4VUy3iMO-90AAAT
12.4.2024, 16:11:05 - INFO - socket.service | socket.on.disconnect | Socket disconnected [userId: undefined]
12.4.2024, 16:11:06 - INFO - socket.service | io.on.connection | New connected socket [id: lhR4TZFrgIXSJVKYAAAV
12.4.2024, 16:12:07 - INFO - socket.service | socket.on.disconnect | Socket disconnected [userId: undefined]
12.4.2024, 16:12:07 - INFO - socket.service | socket.on.disconnect | Socket disconnected [userId: undefined]
12.4.2024, 16:12:07 - INFO - socket.service | socket.on.disconnect | Socket disconnected [userId: undefined]
12.4.2024, 16:12:09 - INFO - socket.service | io.on.connection | New connected socket [id: cnFcBGHdBYgqsbBPAAAX
12.4.2024, 16:12:12 - INFO - socket.service | socket.on.SOCKET_AUTH_EVENT_LOGIN | Setting socket.userId = 65e9885d465f1e7de899e251 ; socket.username = lucas for socket [id: cnFcBGHdBYgqsbBPAAAX]
12.4.2024, 16:14:06 - INFO - socket.service | socket.on.disconnect | Socket disconnected [userId: undefined]
12.4.2024, 16:14:07 - INFO - socket.service | io.on.connection | New connected socket [id: W1bnwiAB-9pHxyM6AAAZ
12.4.2024, 16:14:07 - INFO - socket.service | socket.on.SOCKET_AUTH_EVENT_LOGIN | Setting socket.userId = 65e9885d465f1e7de899e251 ; socket.username = lucas for socket [id: W1bnwiAB-9pHxyM6AAAZ]
12.4.2024, 16:14:18 - INFO - socket.service | socket.on.disconnect | Socket disconnected [userId: undefined]
12.4.2024, 16:14:19 - INFO - socket.service | io.on.connection | New connected socket [id: v56834SEIxm6SirUAAAb
12.4.2024, 16:14:19 - INFO - socket.service | socket.on.SOCKET_AUTH_EVENT_LOGIN | Setting socket.userId = 65e9885d465f1e7de899e251 ; socket.username = lucas for socket [id: v56834SEIxm6SirUAAAb]
12.4.2024, 16:15:53 - INFO - socket.service | socket.on.disconnect | Socket disconnected [userId: undefined]
12.4.2024, 16:15:54 - INFO - socket.service | io.on.connection | New connected socket [id: GI_vvjQBRyZdVHYHAAAd
12.4.2024, 16:15:54 - INFO - socket.service | socket.on.SOCKET_AUTH_EVENT_LOGIN | Setting socket.userId = 65e9885d465f1e7de899e251 ; socket.username = lucas for socket [id: GI_vvjQBRyZdVHYHAAAd]
12.4.2024, 16:15:59 - INFO - socket.service | socket.on.disconnect | Socket disconnected [userId: undefined]
12.4.2024, 16:15:59 - INFO - socket.service | io.on.connection | New connected socket [id: Fy2u6yEe0m8XRoPFAAAf
12.4.2024, 16:15:59 - INFO - socket.service | socket.on.SOCKET_AUTH_EVENT_LOGIN | Setting socket.userId = 65e9885d465f1e7de899e251 ; socket.username = lucas for socket [id: Fy2u6yEe0m8XRoPFAAAf]
12.4.2024, 16:16:27 - INFO - socket.service | socket.on.disconnect | Socket disconnected [userId: undefined]
12.4.2024, 16:16:27 - INFO - socket.service | io.on.connection | New connected socket [id: QWRQ_Rsc4zLJ1FlxAAAh
12.4.2024, 16:16:28 - INFO - socket.service | socket.on.SOCKET_AUTH_EVENT_LOGIN | Setting socket.userId = 65e9885d465f1e7de899e251 ; socket.username = lucas for socket [id: QWRQ_Rsc4zLJ1FlxAAAh]
12.4.2024, 16:16:50 - INFO - socket.service | socket.on.disconnect | Socket disconnected [userId: undefined]
12.4.2024, 16:16:50 - INFO - socket.service | io.on.connection | New connected socket [id: BFhR_KqHIZgG4gEvAAAj
12.4.2024, 16:16:50 - INFO - socket.service | socket.on.SOCKET_AUTH_EVENT_LOGIN | Setting socket.userId = 65e9885d465f1e7de899e251 ; socket.username = lucas for socket [id: BFhR_KqHIZgG4gEvAAAj]
12.4.2024, 16:17:30 - INFO - socket.service | socket.on.disconnect | Socket disconnected [userId: undefined]
12.4.2024, 16:17:31 - INFO - socket.service | io.on.connection | New connected socket [id: ngqRi2AqZbLMJuYKAAAl
12.4.2024, 16:17:31 - INFO - socket.service | socket.on.SOCKET_AUTH_EVENT_LOGIN | Setting socket.userId = 65e9885d465f1e7de899e251 ; socket.username = lucas for socket [id: ngqRi2AqZbLMJuYKAAAl]
12.4.2024, 16:19:11 - INFO - socket.service | socket.on.disconnect | Socket disconnected [userId: undefined]
12.4.2024, 16:19:12 - INFO - socket.service | io.on.connection | New connected socket [id: 1hTCKcXZ3vGiOnDvAAAn
12.4.2024, 16:19:12 - INFO - socket.service | socket.on.SOCKET_AUTH_EVENT_LOGIN | Setting socket.userId = 65e9885d465f1e7de899e251 ; socket.username = lucas for socket [id: 1hTCKcXZ3vGiOnDvAAAn]
12.4.2024, 16:19:49 - INFO - socket.service | socket.on.disconnect | Socket disconnected [userId: undefined]
12.4.2024, 17:38:12 - INFO - socket.service | io.on.connection | New connected socket [id: jejO5CqVObo0Gpc7AAAp
12.4.2024, 18:49:19 - INFO - socket.service | io.on.connection | New connected socket [id: atJDgncKpqFkLAc1AAAr
12.4.2024, 18:49:21 - INFO - socket.service | socket.on.SOCKET_AUTH_EVENT_LOGIN | Setting socket.userId = 65e9885d465f1e7de899e251 ; socket.username = lucas for socket [id: atJDgncKpqFkLAc1AAAr]
12.4.2024, 18:49:30 - INFO - socket.service | socket.on.disconnect | Socket disconnected [userId: undefined]
12.4.2024, 18:49:32 - INFO - socket.service | io.on.connection | New connected socket [id: S2On_4TIc0ph557oAAAt
12.4.2024, 18:50:06 - INFO - socket.service | socket.on.disconnect | Socket disconnected [userId: undefined]
12.4.2024, 18:50:06 - INFO - socket.service | socket.on.disconnect | Socket disconnected [userId: undefined]
12.4.2024, 18:50:07 - INFO - socket.service | io.on.connection | New connected socket [id: ScyTMIWIN63v__SDAAAv
12.4.2024, 18:50:08 - INFO - socket.service | socket.on.SOCKET_AUTH_EVENT_LOGIN | Setting socket.userId = 65e9885d465f1e7de899e251 ; socket.username = lucas for socket [id: ScyTMIWIN63v__SDAAAv]
12.4.2024, 18:50:39 - INFO - socket.service | socket.on.disconnect | Socket disconnected [userId: undefined]
12.4.2024, 18:50:39 - INFO - socket.service | io.on.connection | New connected socket [id: ZONx5pUCugNd6PB9AAAx
12.4.2024, 18:50:46 - INFO - socket.service | socket.on.SOCKET_AUTH_EVENT_LOGIN | Setting socket.userId = 65e9885d465f1e7de899e251 ; socket.username = lucas for socket [id: ZONx5pUCugNd6PB9AAAx]
12.4.2024, 18:56:30 - INFO - socket.service | socket.on.disconnect | Socket disconnected [userId: undefined]
12.4.2024, 19:04:34 - INFO - socket.service | io.on.connection | New connected socket [id: qFKUuKLF_YJ1RrESAAAz
12.4.2024, 19:04:36 - INFO - socket.service | socket.on.SOCKET_AUTH_EVENT_LOGIN | Setting socket.userId = 65e9885d465f1e7de899e251 ; socket.username = lucas for socket [id: qFKUuKLF_YJ1RrESAAAz]
12.4.2024, 19:05:19 - INFO - socket.service | socket.on.disconnect | Socket disconnected [userId: undefined]
12.4.2024, 19:07:07 - INFO - socket.service | io.on.connection | New connected socket [id: ZON5_MslwhnGxwvNAAA1
12.4.2024, 19:07:12 - INFO - socket.service | socket.on.SOCKET_AUTH_EVENT_LOGIN | Setting socket.userId = 65e9885d465f1e7de899e251 ; socket.username = lucas for socket [id: ZON5_MslwhnGxwvNAAA1]
12.4.2024, 19:09:43 - INFO - socket.service | socket.on.disconnect | Socket disconnected [userId: undefined]
12.4.2024, 19:21:46 - INFO - socket.service | io.on.connection | New connected socket [id: aWXNWfE-9OehE_oZAAA3
12.4.2024, 19:21:52 - INFO - socket.service | socket.on.SOCKET_AUTH_EVENT_LOGIN | Setting socket.userId = 65e9885d465f1e7de899e251 ; socket.username = lucas for socket [id: aWXNWfE-9OehE_oZAAA3]
12.4.2024, 19:22:46 - INFO - socket.service | socket.on.disconnect | Socket disconnected [userId: undefined]
12.4.2024, 19:22:47 - INFO - socket.service | io.on.connection | New connected socket [id: hqi2NxAQn-fkXJ4FAAA5
12.4.2024, 19:22:51 - INFO - socket.service | socket.on.SOCKET_AUTH_EVENT_LOGIN | Setting socket.userId = 65e9885d465f1e7de899e251 ; socket.username = lucas for socket [id: hqi2NxAQn-fkXJ4FAAA5]
12.4.2024, 19:23:32 - INFO - socket.service | socket.on.disconnect | Socket disconnected [userId: undefined]
12.4.2024, 19:24:22 - INFO - socket.service | io.on.connection | New connected socket [id: EdyvEfl1Pl-s0KAuAAA7
12.4.2024, 19:24:25 - INFO - socket.service | socket.on.SOCKET_AUTH_EVENT_LOGIN | Setting socket.userId = 65e9885d465f1e7de899e251 ; socket.username = lucas for socket [id: EdyvEfl1Pl-s0KAuAAA7]
12.4.2024, 19:25:33 - INFO - socket.service | socket.on.disconnect | Socket disconnected [userId: undefined]
12.4.2024, 19:25:34 - INFO - socket.service | io.on.connection | New connected socket [id: h-ZUZdPedO6dbdh7AAA9
12.4.2024, 19:25:45 - INFO - socket.service | socket.on.SOCKET_AUTH_EVENT_LOGIN | Setting socket.userId = 65e9885d465f1e7de899e251 ; socket.username = lucas for socket [id: h-ZUZdPedO6dbdh7AAA9]
12.4.2024, 19:26:49 - INFO - socket.service | socket.on.disconnect | Socket disconnected [userId: undefined]
12.4.2024, 19:27:58 - INFO - socket.service | io.on.connection | New connected socket [id: 9Bn1i86QMx7489w8AAA_
12.4.2024, 19:28:01 - INFO - socket.service | socket.on.SOCKET_AUTH_EVENT_LOGIN | Setting socket.userId = 65e9885d465f1e7de899e251 ; socket.username = lucas for socket [id: 9Bn1i86QMx7489w8AAA_]
12.4.2024, 19:29:58 - INFO - socket.service | socket.on.disconnect | Socket disconnected [userId: undefined]
12.4.2024, 19:31:55 - INFO - socket.service | io.on.connection | New connected socket [id: aq7x3tuUEplSEB_sAABB
12.4.2024, 19:31:56 - INFO - socket.service | socket.on.SOCKET_AUTH_EVENT_LOGIN | Setting socket.userId = 65e9885d465f1e7de899e251 ; socket.username = lucas for socket [id: aq7x3tuUEplSEB_sAABB]
12.4.2024, 19:34:52 - INFO - socket.service | socket.on.disconnect | Socket disconnected [userId: undefined]
12.4.2024, 19:34:53 - INFO - socket.service | io.on.connection | New connected socket [id: ziQLPhDNR3e66R0nAABD
12.4.2024, 19:34:54 - INFO - socket.service | socket.on.SOCKET_AUTH_EVENT_LOGIN | Setting socket.userId = 65e9885d465f1e7de899e251 ; socket.username = lucas for socket [id: ziQLPhDNR3e66R0nAABD]
12.4.2024, 19:35:27 - INFO - socket.service | socket.on.disconnect | Socket disconnected [userId: undefined]
12.4.2024, 19:35:28 - INFO - socket.service | io.on.connection | New connected socket [id: Am_bkjS6kLJUdnsXAABF
12.4.2024, 19:35:28 - INFO - socket.service | socket.on.SOCKET_AUTH_EVENT_LOGIN | Setting socket.userId = 65e9885d465f1e7de899e251 ; socket.username = lucas for socket [id: Am_bkjS6kLJUdnsXAABF]
12.4.2024, 19:36:09 - INFO - socket.service | socket.on.disconnect | Socket disconnected [userId: undefined]
12.4.2024, 19:36:10 - INFO - socket.service | io.on.connection | New connected socket [id: FvwdVhiuZ49VfTANAABH
12.4.2024, 19:36:11 - INFO - socket.service | socket.on.SOCKET_AUTH_EVENT_LOGIN | Setting socket.userId = 65e9885d465f1e7de899e251 ; socket.username = lucas for socket [id: FvwdVhiuZ49VfTANAABH]
12.4.2024, 19:40:43 - INFO - socket.service | socket.on.disconnect | Socket disconnected [userId: undefined]
12.4.2024, 19:40:44 - INFO - socket.service | io.on.connection | New connected socket [id: jc9Xny92DmyVf3jaAABJ
12.4.2024, 19:40:45 - INFO - socket.service | socket.on.SOCKET_AUTH_EVENT_LOGIN | Setting socket.userId = 65e9885d465f1e7de899e251 ; socket.username = lucas for socket [id: jc9Xny92DmyVf3jaAABJ]
12.4.2024, 19:41:05 - INFO - socket.service | socket.on.disconnect | Socket disconnected [userId: undefined]
12.4.2024, 19:41:07 - INFO - socket.service | io.on.connection | New connected socket [id: 2gyMjgJ-fw7scpfrAABL
12.4.2024, 19:41:07 - INFO - socket.service | socket.on.SOCKET_AUTH_EVENT_LOGIN | Setting socket.userId = 65e9885d465f1e7de899e251 ; socket.username = lucas for socket [id: 2gyMjgJ-fw7scpfrAABL]
12.4.2024, 19:43:30 - INFO - socket.service | socket.on.disconnect | Socket disconnected [userId: undefined]
12.4.2024, 19:43:31 - INFO - socket.service | io.on.connection | New connected socket [id: ISICGsIMnXJ5vxayAABN
12.4.2024, 19:43:32 - INFO - socket.service | socket.on.SOCKET_AUTH_EVENT_LOGIN | Setting socket.userId = 65e9885d465f1e7de899e251 ; socket.username = lucas for socket [id: ISICGsIMnXJ5vxayAABN]
12.4.2024, 19:43:54 - INFO - socket.service | socket.on.disconnect | Socket disconnected [userId: undefined]
12.4.2024, 19:43:56 - INFO - socket.service | io.on.connection | New connected socket [id: b0KMfOmXWFfBbLnRAABP
12.4.2024, 19:43:56 - INFO - socket.service | socket.on.SOCKET_AUTH_EVENT_LOGIN | Setting socket.userId = 65e9885d465f1e7de899e251 ; socket.username = lucas for socket [id: b0KMfOmXWFfBbLnRAABP]
12.4.2024, 19:44:21 - INFO - socket.service | socket.on.disconnect | Socket disconnected [userId: undefined]
12.4.2024, 19:44:22 - INFO - socket.service | io.on.connection | New connected socket [id: 0SMbmxEpnq1NINEXAABR
12.4.2024, 19:44:23 - INFO - socket.service | socket.on.SOCKET_AUTH_EVENT_LOGIN | Setting socket.userId = 65e9885d465f1e7de899e251 ; socket.username = lucas for socket [id: 0SMbmxEpnq1NINEXAABR]
12.4.2024, 19:45:00 - INFO - socket.service | socket.on.disconnect | Socket disconnected [userId: undefined]
12.4.2024, 19:45:01 - INFO - socket.service | io.on.connection | New connected socket [id: pV1ESjfmr3LAhoyeAABT
12.4.2024, 19:45:01 - INFO - socket.service | socket.on.SOCKET_AUTH_EVENT_LOGIN | Setting socket.userId = 65e9885d465f1e7de899e251 ; socket.username = lucas for socket [id: pV1ESjfmr3LAhoyeAABT]
12.4.2024, 19:47:33 - INFO - socket.service | socket.on.disconnect | Socket disconnected [userId: undefined]
12.4.2024, 19:47:33 - INFO - socket.service | io.on.connection | New connected socket [id: AXC8o_ZRwzwwSoHWAABV
12.4.2024, 19:47:34 - INFO - socket.service | socket.on.SOCKET_AUTH_EVENT_LOGIN | Setting socket.userId = 65e9885d465f1e7de899e251 ; socket.username = lucas for socket [id: AXC8o_ZRwzwwSoHWAABV]
12.4.2024, 19:48:02 - INFO - socket.service | socket.on.disconnect | Socket disconnected [userId: undefined]
12.4.2024, 19:48:02 - INFO - socket.service | io.on.connection | New connected socket [id: sACFPhiljI7h_LdDAABX
12.4.2024, 19:48:03 - INFO - socket.service | socket.on.SOCKET_AUTH_EVENT_LOGIN | Setting socket.userId = 65e9885d465f1e7de899e251 ; socket.username = lucas for socket [id: sACFPhiljI7h_LdDAABX]
12.4.2024, 19:49:14 - INFO - socket.service | socket.on.disconnect | Socket disconnected [userId: undefined]
12.4.2024, 19:49:15 - INFO - socket.service | io.on.connection | New connected socket [id: 3zRBTw8mJKai6v8hAABZ
12.4.2024, 19:49:16 - INFO - socket.service | socket.on.SOCKET_AUTH_EVENT_LOGIN | Setting socket.userId = 65e9885d465f1e7de899e251 ; socket.username = lucas for socket [id: 3zRBTw8mJKai6v8hAABZ]
12.4.2024, 19:49:39 - INFO - socket.service | socket.on.disconnect | Socket disconnected [userId: undefined]
12.4.2024, 19:49:39 - INFO - socket.service | io.on.connection | New connected socket [id: Fp3L0c3onCv132ZYAABb
12.4.2024, 19:49:40 - INFO - socket.service | socket.on.SOCKET_AUTH_EVENT_LOGIN | Setting socket.userId = 65e9885d465f1e7de899e251 ; socket.username = lucas for socket [id: Fp3L0c3onCv132ZYAABb]
12.4.2024, 19:50:03 - INFO - socket.service | socket.on.disconnect | Socket disconnected [userId: undefined]
12.4.2024, 19:50:03 - INFO - socket.service | io.on.connection | New connected socket [id: Q3UfJE4Vt9ugEV8EAABd
12.4.2024, 19:50:04 - INFO - socket.service | socket.on.SOCKET_AUTH_EVENT_LOGIN | Setting socket.userId = 65e9885d465f1e7de899e251 ; socket.username = lucas for socket [id: Q3UfJE4Vt9ugEV8EAABd]
12.4.2024, 19:50:52 - INFO - socket.service | socket.on.disconnect | Socket disconnected [userId: undefined]
12.4.2024, 19:50:53 - INFO - socket.service | io.on.connection | New connected socket [id: is8RVOKr3hNmmUqoAABf
12.4.2024, 19:50:53 - INFO - socket.service | socket.on.SOCKET_AUTH_EVENT_LOGIN | Setting socket.userId = 65e9885d465f1e7de899e251 ; socket.username = lucas for socket [id: is8RVOKr3hNmmUqoAABf]
12.4.2024, 19:51:56 - INFO - socket.service | socket.on.disconnect | Socket disconnected [userId: undefined]
12.4.2024, 19:51:57 - INFO - socket.service | io.on.connection | New connected socket [id: oJdEm3dE0ZHbB2q2AABh
12.4.2024, 19:51:57 - INFO - socket.service | socket.on.SOCKET_AUTH_EVENT_LOGIN | Setting socket.userId = 65e9885d465f1e7de899e251 ; socket.username = lucas for socket [id: oJdEm3dE0ZHbB2q2AABh]
12.4.2024, 19:57:41 - INFO - socket.service | socket.on.disconnect | Socket disconnected [userId: undefined]
12.4.2024, 19:57:42 - INFO - socket.service | io.on.connection | New connected socket [id: VkCJzlBUs-PmMegcAABj
12.4.2024, 19:57:42 - INFO - socket.service | socket.on.SOCKET_AUTH_EVENT_LOGIN | Setting socket.userId = 65e9885d465f1e7de899e251 ; socket.username = lucas for socket [id: VkCJzlBUs-PmMegcAABj]
12.4.2024, 19:58:07 - INFO - socket.service | socket.on.disconnect | Socket disconnected [userId: undefined]
12.4.2024, 19:58:08 - INFO - socket.service | io.on.connection | New connected socket [id: OMPIKZDXRvamyakJAABl
12.4.2024, 19:58:08 - INFO - socket.service | socket.on.SOCKET_AUTH_EVENT_LOGIN | Setting socket.userId = 65e9885d465f1e7de899e251 ; socket.username = lucas for socket [id: OMPIKZDXRvamyakJAABl]
12.4.2024, 19:58:29 - INFO - socket.service | socket.on.disconnect | Socket disconnected [userId: undefined]
12.4.2024, 19:58:30 - INFO - socket.service | io.on.connection | New connected socket [id: HFxDz134ZWzdQtCbAABn
12.4.2024, 19:58:31 - INFO - socket.service | socket.on.SOCKET_AUTH_EVENT_LOGIN | Setting socket.userId = 65e9885d465f1e7de899e251 ; socket.username = lucas for socket [id: HFxDz134ZWzdQtCbAABn]
12.4.2024, 20:09:30 - INFO - socket.service | socket.on.disconnect | Socket disconnected [userId: undefined]
12.4.2024, 20:09:31 - INFO - socket.service | io.on.connection | New connected socket [id: UA4xuseuSclYm11IAABp
12.4.2024, 20:09:32 - INFO - socket.service | socket.on.SOCKET_AUTH_EVENT_LOGIN | Setting socket.userId = 65e9885d465f1e7de899e251 ; socket.username = lucas for socket [id: UA4xuseuSclYm11IAABp]
12.4.2024, 20:10:51 - INFO - socket.service | io.on.connection | New connected socket [id: vEGgdbpyf0BxMAiPAABr
12.4.2024, 20:11:10 - INFO - socket.service | socket.on.SOCKET_AUTH_EVENT_LOGIN | Setting socket.userId = 65f62d337651fac755a305ee ; socket.username = carinegoren for socket [id: vEGgdbpyf0BxMAiPAABr]
12.4.2024, 20:11:32 - DEBUG - AAA [controll]
12.4.2024, 20:11:32 - DEBUG - BBB
12.4.2024, 20:11:32 - DEBUG - CCC [socket exist]
12.4.2024, 20:11:32 - DEBUG - CCC
12.4.2024, 20:11:32 - INFO - socket.service | emitToUser() | Emiting event: notification-post-liked to user: lucas socket [id: UA4xuseuSclYm11IAABp]
12.4.2024, 20:11:41 - INFO - socket.service | socket.on.disconnect | Socket disconnected [userId: undefined]
12.4.2024, 20:11:42 - INFO - socket.service | io.on.connection | New connected socket [id: _uiJ5ol8rpJniv1bAABt
12.4.2024, 20:11:42 - INFO - socket.service | io.on.connection | New connected socket [id: P_onrxKzbo3DzCxCAABv
12.4.2024, 20:11:43 - INFO - socket.service | socket.on.SOCKET_AUTH_EVENT_LOGIN | Setting socket.userId = 65e9885d465f1e7de899e251 ; socket.username = lucas for socket [id: P_onrxKzbo3DzCxCAABv]
12.4.2024, 20:11:48 - INFO - socket.service | socket.on.disconnect | Socket disconnected [userId: undefined]
12.4.2024, 20:11:48 - INFO - socket.service | socket.on.disconnect | Socket disconnected [userId: undefined]
12.4.2024, 20:11:49 - INFO - socket.service | io.on.connection | New connected socket [id: JxSdG_SDJBVHKPJmAABx
12.4.2024, 20:11:49 - INFO - socket.service | socket.on.SOCKET_AUTH_EVENT_LOGIN | Setting socket.userId = 65f62d337651fac755a305ee ; socket.username = carinegoren for socket [id: JxSdG_SDJBVHKPJmAABx]
12.4.2024, 20:11:50 - INFO - socket.service | io.on.connection | New connected socket [id: tTWK2m8rli4Bd-F5AABz
12.4.2024, 20:11:54 - DEBUG - AAA [controll]
12.4.2024, 20:11:54 - DEBUG - BBB
12.4.2024, 20:11:54 - DEBUG - CCC [socket exist]
12.4.2024, 20:11:54 - INFO - socket.service | emitToUser() | Emiting event: notification-post-liked to user: lucas socket [id: P_onrxKzbo3DzCxCAABv]
12.4.2024, 20:11:54 - DEBUG - CCC
12.4.2024, 20:12:10 - DEBUG - AAA [controll]
12.4.2024, 20:12:10 - DEBUG - BBB
12.4.2024, 20:12:10 - DEBUG - CCC
12.4.2024, 20:12:10 - DEBUG - CCC [socket exist]
12.4.2024, 20:12:10 - INFO - socket.service | emitToUser() | Emiting event: notification-post-liked to user: lucas socket [id: P_onrxKzbo3DzCxCAABv]
12.4.2024, 20:12:42 - DEBUG - AAA [controll]
12.4.2024, 20:12:42 - DEBUG - BBB
12.4.2024, 20:12:42 - DEBUG - CCC
12.4.2024, 20:12:42 - DEBUG - CCC [socket exist]
12.4.2024, 20:12:42 - INFO - socket.service | emitToUser() | Emiting event: notification-post-liked to user: lucas socket [id: P_onrxKzbo3DzCxCAABv]
12.4.2024, 20:12:52 - INFO - socket.service | socket.on.disconnect | Socket disconnected [userId: undefined]
12.4.2024, 20:12:53 - INFO - socket.service | io.on.connection | New connected socket [id: 0Q1fC_KbNAIHi2IwAAB1
12.4.2024, 20:12:53 - INFO - socket.service | socket.on.SOCKET_AUTH_EVENT_LOGIN | Setting socket.userId = 65f62d337651fac755a305ee ; socket.username = carinegoren for socket [id: 0Q1fC_KbNAIHi2IwAAB1]
12.4.2024, 20:12:54 - INFO - socket.service | io.on.connection | New connected socket [id: CWbynJtx8T7TcuX-AAB3
12.4.2024, 20:12:56 - INFO - socket.service | socket.on.disconnect | Socket disconnected [userId: undefined]
12.4.2024, 20:12:56 - INFO - socket.service | socket.on.disconnect | Socket disconnected [userId: undefined]
12.4.2024, 20:12:56 - INFO - socket.service | socket.on.disconnect | Socket disconnected [userId: undefined]
12.4.2024, 20:12:57 - INFO - socket.service | io.on.connection | New connected socket [id: Jhxp3WeeGQY2X0QAAAB5
12.4.2024, 20:12:58 - INFO - socket.service | socket.on.SOCKET_AUTH_EVENT_LOGIN | Setting socket.userId = 65e9885d465f1e7de899e251 ; socket.username = lucas for socket [id: Jhxp3WeeGQY2X0QAAAB5]
12.4.2024, 20:12:59 - INFO - socket.service | io.on.connection | New connected socket [id: CD8WLJYW1hPYGnP0AAB7
12.4.2024, 20:13:06 - DEBUG - AAA [controll]
12.4.2024, 20:13:06 - DEBUG - CCC
12.4.2024, 20:13:06 - DEBUG - CCC [socket exist]
12.4.2024, 20:13:06 - INFO - socket.service | emitToUser() | Emiting event: notification-post-liked to user: lucas socket [id: Jhxp3WeeGQY2X0QAAAB5]
12.4.2024, 20:13:06 - DEBUG - BBB
12.4.2024, 20:13:15 - DEBUG - AAA [controll]
12.4.2024, 20:13:15 - DEBUG - BBB
12.4.2024, 20:13:15 - DEBUG - CCC [socket exist]
12.4.2024, 20:13:15 - INFO - socket.service | emitToUser() | Emiting event: notification-post-liked to user: lucas socket [id: Jhxp3WeeGQY2X0QAAAB5]
12.4.2024, 20:13:15 - DEBUG - CCC
12.4.2024, 20:14:18 - DEBUG - AAA [controll]
12.4.2024, 20:14:18 - DEBUG - BBB
12.4.2024, 20:14:18 - DEBUG - CCC [socket not exist]
12.4.2024, 20:14:18 - DEBUG - CCC
12.4.2024, 20:14:18 - INFO - socket.service | emitToUser() | No active socket for user: linoyashram
12.4.2024, 20:14:22 - DEBUG - AAA [controll]
12.4.2024, 20:14:23 - DEBUG - BBB
12.4.2024, 20:14:23 - DEBUG - CCC [socket not exist]
12.4.2024, 20:14:23 - INFO - socket.service | emitToUser() | No active socket for user: linoyashram
12.4.2024, 20:14:23 - DEBUG - CCC
12.4.2024, 20:14:23 - INFO - socket.service | socket.on.disconnect | Socket disconnected [userId: undefined]
12.4.2024, 20:14:23 - INFO - socket.service | socket.on.disconnect | Socket disconnected [userId: undefined]
12.4.2024, 20:14:24 - INFO - socket.service | io.on.connection | New connected socket [id: AxfAUam0GrOW0CK3AAB9
12.4.2024, 20:14:24 - INFO - socket.service | socket.on.SOCKET_AUTH_EVENT_LOGIN | Setting socket.userId = 65f62d337651fac755a305ee ; socket.username = carinegoren for socket [id: AxfAUam0GrOW0CK3AAB9]
12.4.2024, 20:14:25 - INFO - socket.service | io.on.connection | New connected socket [id: nJdZX9LBD3gPPZv-AAB_
12.4.2024, 20:14:25 - INFO - socket.service | socket.on.disconnect | Socket disconnected [userId: undefined]
12.4.2024, 20:14:26 - INFO - socket.service | io.on.connection | New connected socket [id: vbDqAwNNOMI32ptjAACB
12.4.2024, 20:14:27 - INFO - socket.service | socket.on.SOCKET_AUTH_EVENT_LOGIN | Setting socket.userId = 65e9885d465f1e7de899e251 ; socket.username = lucas for socket [id: vbDqAwNNOMI32ptjAACB]
12.4.2024, 20:14:27 - INFO - socket.service | io.on.connection | New connected socket [id: vj6EySuyv8Z-AW65AACD
12.4.2024, 20:14:33 - DEBUG - AAA [controll]
12.4.2024, 20:14:33 - DEBUG - BBB
12.4.2024, 20:14:33 - DEBUG - CCC [socket exist]
12.4.2024, 20:14:33 - INFO - socket.service | emitToUser() | Emiting event: notification-post-liked to user: lucas socket [id: vbDqAwNNOMI32ptjAACB]
12.4.2024, 20:14:33 - DEBUG - CCC
12.4.2024, 20:14:48 - DEBUG - AAA [controll]
12.4.2024, 20:14:49 - DEBUG - BBB
12.4.2024, 20:14:49 - DEBUG - CCC [socket exist]
12.4.2024, 20:14:49 - INFO - socket.service | emitToUser() | Emiting event: notification-post-liked to user: lucas socket [id: vbDqAwNNOMI32ptjAACB]
12.4.2024, 20:14:49 - DEBUG - CCC
12.4.2024, 20:15:09 - INFO - socket.service | socket.on.disconnect | Socket disconnected [userId: undefined]
12.4.2024, 20:15:10 - INFO - socket.service | socket.on.disconnect | Socket disconnected [userId: undefined]
12.4.2024, 20:15:11 - INFO - socket.service | io.on.connection | New connected socket [id: _8giRR64lDfJ-cOyAACF
12.4.2024, 20:19:58 - INFO - socket.service | io.on.connection | New connected socket [id: gFhAs61kZu52rI-NAACH
12.4.2024, 20:19:59 - INFO - socket.service | socket.on.SOCKET_AUTH_EVENT_LOGIN | Setting socket.userId = 65e9885d465f1e7de899e251 ; socket.username = lucas for socket [id: gFhAs61kZu52rI-NAACH]
12.4.2024, 20:20:20 - INFO - socket.service | socket.on.disconnect | Socket disconnected [userId: undefined]
12.4.2024, 20:20:20 - INFO - socket.service | socket.on.disconnect | Socket disconnected [userId: undefined]
12.4.2024, 20:20:20 - INFO - socket.service | socket.on.disconnect | Socket disconnected [userId: undefined]
12.4.2024, 20:20:20 - INFO - socket.service | io.on.connection | New connected socket [id: 8lT9BQRGqMcam0ARAACJ
12.4.2024, 20:20:21 - INFO - socket.service | socket.on.SOCKET_AUTH_EVENT_LOGIN | Setting socket.userId = 65f62d337651fac755a305ee ; socket.username = carinegoren for socket [id: 8lT9BQRGqMcam0ARAACJ]
12.4.2024, 20:20:21 - INFO - socket.service | io.on.connection | New connected socket [id: EkgMA11BNyuSl0EUAACL
12.4.2024, 20:20:28 - DEBUG - AAA [controll]
12.4.2024, 20:20:28 - DEBUG - BBB
12.4.2024, 20:20:28 - DEBUG - CCC [socket exist]
12.4.2024, 20:20:28 - INFO - socket.service | emitToUser() | Emiting event: notification-post-liked to user: lucas socket [id: gFhAs61kZu52rI-NAACH]
12.4.2024, 20:20:28 - DEBUG - CCC
12.4.2024, 20:20:32 - DEBUG - AAA [controll]
12.4.2024, 20:20:32 - DEBUG - BBB
12.4.2024, 20:20:32 - DEBUG - CCC [socket exist]
12.4.2024, 20:20:32 - INFO - socket.service | emitToUser() | Emiting event: notification-post-liked to user: lucas socket [id: gFhAs61kZu52rI-NAACH]
12.4.2024, 20:20:32 - DEBUG - CCC
12.4.2024, 20:20:33 - INFO - socket.service | socket.on.disconnect | Socket disconnected [userId: undefined]
12.4.2024, 20:20:33 - INFO - socket.service | socket.on.disconnect | Socket disconnected [userId: undefined]
12.4.2024, 20:20:34 - INFO - socket.service | io.on.connection | New connected socket [id: bBIrjj0M59DW310uAACN
12.4.2024, 20:20:35 - INFO - socket.service | socket.on.SOCKET_AUTH_EVENT_LOGIN | Setting socket.userId = 65e9885d465f1e7de899e251 ; socket.username = lucas for socket [id: bBIrjj0M59DW310uAACN]
12.4.2024, 20:20:35 - INFO - socket.service | io.on.connection | New connected socket [id: 5OSiSBAYc3HQfP4SAACP
12.4.2024, 20:20:44 - DEBUG - AAA [controll]
12.4.2024, 20:20:44 - DEBUG - BBB
12.4.2024, 20:20:44 - DEBUG - CCC [socket exist]
12.4.2024, 20:20:44 - INFO - socket.service | emitToUser() | Emiting event: notification-post-liked to user: lucas socket [id: bBIrjj0M59DW310uAACN]
12.4.2024, 20:20:44 - DEBUG - CCC
12.4.2024, 20:21:19 - INFO - socket.service | socket.on.disconnect | Socket disconnected [userId: undefined]
12.4.2024, 20:21:21 - INFO - socket.service | io.on.connection | New connected socket [id: PCXzTRo9MLfSTgPgAACR
12.4.2024, 20:25:27 - INFO - socket.service | io.on.connection | New connected socket [id: CcwTUI_ccit3x5ofAACT
12.4.2024, 20:26:00 - INFO - socket.service | socket.on.disconnect | Socket disconnected [userId: undefined]
12.4.2024, 20:26:01 - INFO - socket.service | io.on.connection | New connected socket [id: 3vJDuHDWfhKLPcxiAACV
12.4.2024, 20:26:01 - INFO - socket.service | socket.on.SOCKET_AUTH_EVENT_LOGIN | Setting socket.userId = 65e9885d465f1e7de899e251 ; socket.username = lucas for socket [id: 3vJDuHDWfhKLPcxiAACV]
12.4.2024, 20:26:03 - INFO - socket.service | io.on.connection | New connected socket [id: oVlUe_5Vdgi6lHjtAACX
12.4.2024, 20:27:05 - INFO - server | listen() | Up and running on port 3031
12.4.2024, 20:27:06 - INFO - socket.service | io.on.connection | New connected socket [id: AbSv5-SHE7JnyV6LAAAC
12.4.2024, 20:27:06 - INFO - socket.service | io.on.connection | New connected socket [id: J4IS81kkChln0FKbAAAD
12.4.2024, 20:35:26 - INFO - server | listen() | Up and running on port 3031
12.4.2024, 20:35:27 - INFO - socket.service | io.on.connection | New connected socket [id: DdCY7zXurttHRzEpAAAB
12.4.2024, 20:35:28 - INFO - socket.service | io.on.connection | New connected socket [id: qZ9isIJSKg2ct28_AAAD
12.4.2024, 20:36:08 - INFO - server | listen() | Up and running on port 3031
12.4.2024, 20:36:08 - INFO - socket.service | io.on.connection | New connected socket [id: P_fTIMXdNX6NF-OAAAAB
12.4.2024, 20:36:08 - INFO - socket.service | io.on.connection | New connected socket [id: -Exr1lDwHQvbSLoJAAAD
12.4.2024, 20:36:43 - INFO - server | listen() | Up and running on port 3031
12.4.2024, 20:36:43 - INFO - socket.service | io.on.connection | New connected socket [id: MfK4Dp4Wkw9d9Ya8AAAC
12.4.2024, 20:36:43 - INFO - socket.service | io.on.connection | New connected socket [id: b6GLevV0bwAiSXT9AAAD
12.4.2024, 20:37:24 - INFO - socket.service | socket.on.disconnect | Socket disconnected [userId: undefined]
12.4.2024, 20:37:25 - INFO - socket.service | socket.on.disconnect | Socket disconnected [userId: undefined]
12.4.2024, 20:37:28 - INFO - socket.service | io.on.connection | New connected socket [id: JA_NBbW6eXSYSlfgAAAF
12.4.2024, 20:37:28 - INFO - socket.service | io.on.connection | New connected socket [id: VKeLPU51LeVRbDAQAAAH
12.4.2024, 20:37:29 - INFO - socket.service | socket.on.SOCKET_AUTH_EVENT_LOGIN | Setting socket.userId = 65f62d337651fac755a305ee ; socket.username = carinegoren for socket [id: JA_NBbW6eXSYSlfgAAAF]
12.4.2024, 20:37:29 - INFO - socket.service | socket.on.SOCKET_AUTH_EVENT_LOGIN | Setting socket.userId = 65e9885d465f1e7de899e251 ; socket.username = lucas for socket [id: VKeLPU51LeVRbDAQAAAH]
12.4.2024, 21:00:42 - INFO - socket.service | socket.on.disconnect | Socket disconnected [userId: undefined]
12.4.2024, 21:00:42 - INFO - socket.service | socket.on.disconnect | Socket disconnected [userId: undefined]
12.4.2024, 21:01:35 - INFO - socket.service | io.on.connection | New connected socket [id: 5WRBYDXqs9TebiboAAAJ
12.4.2024, 21:01:38 - INFO - socket.service | io.on.connection | New connected socket [id: vlJ8YnXm4gGVGeWpAAAL
12.4.2024, 21:01:38 - INFO - socket.service | socket.on.SOCKET_AUTH_EVENT_LOGIN | Setting socket.userId = 65e9885d465f1e7de899e251 ; socket.username = lucas for socket [id: vlJ8YnXm4gGVGeWpAAAL]
12.4.2024, 21:03:49 - INFO - socket.service | socket.on.disconnect | Socket disconnected [userId: undefined]
12.4.2024, 21:03:49 - INFO - socket.service | socket.on.disconnect | Socket disconnected [userId: undefined]
12.4.2024, 21:04:26 - INFO - socket.service | io.on.connection | New connected socket [id: x0nj-nZmvBR61bblAAAN
12.4.2024, 21:04:27 - INFO - socket.service | io.on.connection | New connected socket [id: MctkyBUbCoPQ7-HeAAAP
12.4.2024, 21:29:23 - INFO - socket.service | socket.on.disconnect | Socket disconnected [userId: undefined]
12.4.2024, 21:29:24 - INFO - socket.service | io.on.connection | New connected socket [id: Cn6dHgIgeRk-86bnAAAR
12.4.2024, 21:29:33 - INFO - socket.service | io.on.connection | New connected socket [id: kfupsvBxF6bVa-6pAAAT
12.4.2024, 21:36:33 - INFO - socket.service | socket.on.disconnect | Socket disconnected [userId: undefined]
12.4.2024, 21:36:35 - INFO - socket.service | io.on.connection | New connected socket [id: v6UbftD1-2N4itvxAAAV
12.4.2024, 21:36:58 - INFO - socket.service | io.on.connection | New connected socket [id: yi8K1yJv8xwO5NziAAAX
12.4.2024, 21:38:04 - INFO - socket.service | socket.on.disconnect | Socket disconnected [userId: undefined]
12.4.2024, 21:38:04 - INFO - socket.service | socket.on.disconnect | Socket disconnected [userId: undefined]
12.4.2024, 21:38:04 - INFO - socket.service | socket.on.disconnect | Socket disconnected [userId: undefined]
12.4.2024, 21:38:04 - INFO - socket.service | socket.on.disconnect | Socket disconnected [userId: undefined]
12.4.2024, 21:40:13 - INFO - socket.service | io.on.connection | New connected socket [id: 3P_GaEPKlowj6k9CAAAZ
12.4.2024, 21:40:13 - INFO - socket.service | io.on.connection | New connected socket [id: hWXWjezS-x0x3mcLAAAb
12.4.2024, 21:40:16 - INFO - socket.service | socket.on.disconnect | Socket disconnected [userId: undefined]
12.4.2024, 21:40:16 - INFO - socket.service | socket.on.disconnect | Socket disconnected [userId: undefined]
12.4.2024, 21:55:46 - INFO - socket.service | io.on.connection | New connected socket [id: zXmhHxN2dGdZwt3dAAAd
12.4.2024, 21:55:47 - INFO - socket.service | socket.on.disconnect | Socket disconnected [userId: undefined]
12.4.2024, 21:55:49 - INFO - socket.service | io.on.connection | New connected socket [id: jkL6P_THz3hYGKTkAAAg
12.4.2024, 21:55:49 - INFO - socket.service | socket.on.disconnect | Socket disconnected [userId: undefined]
13.4.2024, 1:21:08 - INFO - socket.service | io.on.connection | New connected socket [id: 0IDyNCMquu49_Io6AAAi
13.4.2024, 1:21:10 - INFO - socket.service | io.on.connection | New connected socket [id: CzVeZ17fvxoUXby7AAAk
13.4.2024, 1:22:09 - INFO - socket.service | socket.on.disconnect | Socket disconnected [userId: undefined]
13.4.2024, 1:22:09 - INFO - socket.service | socket.on.disconnect | Socket disconnected [userId: undefined]
13.4.2024, 7:44:16 - INFO - socket.service | io.on.connection | New connected socket [id: XDiC-oOWJlPloQ5MAAAn
13.4.2024, 7:44:17 - INFO - socket.service | io.on.connection | New connected socket [id: RKh5o8yd8oDDSQPCAAAp
13.4.2024, 7:49:19 - INFO - socket.service | socket.on.disconnect | Socket disconnected [userId: undefined]
13.4.2024, 7:49:19 - INFO - socket.service | socket.on.disconnect | Socket disconnected [userId: undefined]
13.4.2024, 7:56:26 - INFO - socket.service | io.on.connection | New connected socket [id: QdHQv6Wvytu7DKkdAAAr
13.4.2024, 7:56:28 - INFO - socket.service | io.on.connection | New connected socket [id: EGNasEJyMwyCejB5AAAt
13.4.2024, 8:00:36 - INFO - socket.service | socket.on.disconnect | Socket disconnected [userId: undefined]
13.4.2024, 8:00:36 - INFO - socket.service | socket.on.disconnect | Socket disconnected [userId: undefined]
13.4.2024, 8:00:37 - INFO - socket.service | io.on.connection | New connected socket [id: oUXDIW305Xyx6JcwAAAv
13.4.2024, 8:00:37 - INFO - socket.service | socket.on.SOCKET_AUTH_EVENT_LOGIN | Setting socket.userId = 65f62d337651fac755a305ee ; socket.username = carinegoren for socket [id: oUXDIW305Xyx6JcwAAAv]
13.4.2024, 8:00:39 - INFO - socket.service | io.on.connection | New connected socket [id: 5pJVz6bpN1t5WGBwAAAx
13.4.2024, 8:00:39 - INFO - socket.service | socket.on.SOCKET_AUTH_EVENT_LOGIN | Setting socket.userId = 65e9885d465f1e7de899e251 ; socket.username = lucas for socket [id: 5pJVz6bpN1t5WGBwAAAx]
13.4.2024, 9:09:29 - INFO - socket.service | socket.on.disconnect | Socket disconnected [userId: undefined]
13.4.2024, 9:09:29 - INFO - socket.service | socket.on.disconnect | Socket disconnected [userId: undefined]
13.4.2024, 10:50:43 - INFO - socket.service | io.on.connection | New connected socket [id: 1ZI40WFaGZREs8HzAAAz
13.4.2024, 10:50:43 - INFO - socket.service | io.on.connection | New connected socket [id: -1WvcJx8qN6j7FYwAAA1
13.4.2024, 10:51:25 - INFO - socket.service | socket.on.disconnect | Socket disconnected [userId: undefined]
13.4.2024, 10:51:25 - INFO - socket.service | socket.on.disconnect | Socket disconnected [userId: undefined]
13.4.2024, 10:51:26 - INFO - socket.service | io.on.connection | New connected socket [id: o5FUzWGgpMFosUArAAA3
13.4.2024, 10:51:26 - INFO - socket.service | socket.on.SOCKET_AUTH_EVENT_LOGIN | Setting socket.userId = 65e9885d465f1e7de899e251 ; socket.username = lucas for socket [id: o5FUzWGgpMFosUArAAA3]
13.4.2024, 10:51:26 - INFO - socket.service | io.on.connection | New connected socket [id: m4D4Pyzj1ikEjZi7AAA5
13.4.2024, 10:51:27 - INFO - socket.service | socket.on.SOCKET_AUTH_EVENT_LOGIN | Setting socket.userId = 65f62d337651fac755a305ee ; socket.username = carinegoren for socket [id: m4D4Pyzj1ikEjZi7AAA5]
13.4.2024, 11:26:15 - INFO - server | listen() | Up and running on port 3031
13.4.2024, 11:26:16 - INFO - socket.service | io.on.connection | New connected socket [id: NvSwYX5C9wWpsSfFAAAB
13.4.2024, 11:26:17 - INFO - socket.service | io.on.connection | New connected socket [id: QbBd-kjvlg6c8qc9AAAD
13.4.2024, 12:06:31 - INFO - socket.service | socket.on.disconnect | Socket disconnected [userId: undefined]
13.4.2024, 12:06:31 - INFO - socket.service | socket.on.disconnect | Socket disconnected [userId: undefined]
13.4.2024, 12:17:31 - INFO - socket.service | io.on.connection | New connected socket [id: E56Na6vtGHaSB13mAAAF
13.4.2024, 12:17:34 - INFO - socket.service | io.on.connection | New connected socket [id: ITATxjDJfRVvHBt4AAAH
13.4.2024, 12:17:35 - INFO - socket.service | io.on.connection | New connected socket [id: 2vWH8orIBjmLMOfbAAAJ
13.4.2024, 12:17:35 - INFO - socket.service | socket.on.SOCKET_AUTH_EVENT_LOGIN | Setting socket.userId = 65e9885d465f1e7de899e251 ; socket.username = lucas for socket [id: 2vWH8orIBjmLMOfbAAAJ]
13.4.2024, 12:18:16 - INFO - socket.service | socket.on.disconnect | Socket disconnected [userId: undefined]
13.4.2024, 12:18:18 - INFO - socket.service | io.on.connection | New connected socket [id: AK6rUwyVeV1gLOpqAAAM
13.4.2024, 12:18:18 - INFO - socket.service | io.on.connection | New connected socket [id: NcBitGopWh08x2DLAAAN
13.4.2024, 12:22:25 - INFO - socket.service | socket.on.disconnect | Socket disconnected [userId: undefined]
13.4.2024, 12:22:25 - INFO - socket.service | socket.on.disconnect | Socket disconnected [userId: undefined]
13.4.2024, 12:22:26 - INFO - socket.service | io.on.connection | New connected socket [id: RjbvbGxnsaawqMSEAAAP
13.4.2024, 12:22:26 - INFO - socket.service | socket.on.SOCKET_AUTH_EVENT_LOGIN | Setting socket.userId = 65f62d337651fac755a305ee ; socket.username = carinegoren for socket [id: RjbvbGxnsaawqMSEAAAP]
13.4.2024, 12:22:27 - INFO - socket.service | io.on.connection | New connected socket [id: wU057sLscUjSNQ7TAAAR
13.4.2024, 12:45:42 - INFO - socket.service | socket.on.disconnect | Socket disconnected [userId: undefined]
13.4.2024, 12:45:42 - INFO - socket.service | socket.on.disconnect | Socket disconnected [userId: undefined]
13.4.2024, 12:45:42 - INFO - socket.service | socket.on.disconnect | Socket disconnected [userId: undefined]
13.4.2024, 12:45:42 - INFO - socket.service | socket.on.disconnect | Socket disconnected [userId: undefined]
13.4.2024, 12:52:09 - INFO - socket.service | io.on.connection | New connected socket [id: UGG-v0yEDNqXSXlZAAAT
13.4.2024, 12:52:10 - INFO - socket.service | io.on.connection | New connected socket [id: S74haKFOF_Bz_FYHAAAV
13.4.2024, 12:54:01 - INFO - socket.service | socket.on.disconnect | Socket disconnected [userId: undefined]
13.4.2024, 12:54:01 - INFO - socket.service | io.on.connection | New connected socket [id: oV3XDZmCdDz70W5IAAAX
13.4.2024, 12:54:02 - INFO - socket.service | socket.on.SOCKET_AUTH_EVENT_LOGIN | Setting socket.userId = 65f62d337651fac755a305ee ; socket.username = carinegoren for socket [id: oV3XDZmCdDz70W5IAAAX]
13.4.2024, 12:54:02 - INFO - socket.service | io.on.connection | New connected socket [id: mYzrp2IhFBl8ZbSVAAAZ
13.4.2024, 13:16:29 - INFO - socket.service | socket.on.disconnect | Socket disconnected [userId: undefined]
13.4.2024, 13:16:29 - INFO - socket.service | socket.on.disconnect | Socket disconnected [userId: undefined]
13.4.2024, 13:16:29 - INFO - socket.service | socket.on.disconnect | Socket disconnected [userId: undefined]
13.4.2024, 13:16:31 - INFO - socket.service | io.on.connection | New connected socket [id: 4G22ZlY5rdi3YQE-AAAc
13.4.2024, 13:16:31 - INFO - socket.service | io.on.connection | New connected socket [id: JXpoi1vWfi8PobPQAAAd
13.4.2024, 13:19:55 - INFO - socket.service | socket.on.disconnect | Socket disconnected [userId: undefined]
13.4.2024, 13:19:55 - INFO - socket.service | socket.on.disconnect | Socket disconnected [userId: undefined]
13.4.2024, 15:29:21 - INFO - socket.service | io.on.connection | New connected socket [id: 1JiYDNeOmOpHA4qZAAAf
13.4.2024, 15:29:22 - INFO - socket.service | io.on.connection | New connected socket [id: n8uDXvCfh1Y8h5kbAAAh
13.4.2024, 15:29:50 - INFO - socket.service | socket.on.disconnect | Socket disconnected [userId: undefined]
13.4.2024, 15:29:50 - INFO - socket.service | io.on.connection | New connected socket [id: jIF_QNfMQLixmwTHAAAj
13.4.2024, 15:29:50 - INFO - socket.service | socket.on.SOCKET_AUTH_EVENT_LOGIN | Setting socket.userId = 65f62d337651fac755a305ee ; socket.username = carinegoren for socket [id: jIF_QNfMQLixmwTHAAAj]
13.4.2024, 15:29:53 - INFO - socket.service | io.on.connection | New connected socket [id: 4P7s7p7Jwb2ku_blAAAl
13.4.2024, 15:40:11 - INFO - socket.service | socket.on.disconnect | Socket disconnected [userId: undefined]
13.4.2024, 15:40:11 - INFO - socket.service | socket.on.disconnect | Socket disconnected [userId: undefined]
13.4.2024, 15:40:11 - INFO - socket.service | socket.on.disconnect | Socket disconnected [userId: undefined]
13.4.2024, 15:40:12 - INFO - socket.service | io.on.connection | New connected socket [id: 7_hVIwCTzONm3aKbAAAn
13.4.2024, 15:40:13 - INFO - socket.service | io.on.connection | New connected socket [id: AqiRbjpeq9iqjqmfAAAp
13.4.2024, 15:45:37 - INFO - socket.service | socket.on.disconnect | Socket disconnected [userId: undefined]
13.4.2024, 15:45:37 - INFO - socket.service | socket.on.disconnect | Socket disconnected [userId: undefined]
13.4.2024, 16:29:07 - INFO - socket.service | io.on.connection | New connected socket [id: RI-WoudpD-HPM_v2AAAr
13.4.2024, 16:29:08 - INFO - socket.service | io.on.connection | New connected socket [id: 2TOKL00yMRUSPzZYAAAt
13.4.2024, 16:30:28 - INFO - socket.service | socket.on.disconnect | Socket disconnected [userId: undefined]
13.4.2024, 16:30:29 - INFO - socket.service | io.on.connection | New connected socket [id: wZVZv53xL3tkrePAAAAv
13.4.2024, 16:30:29 - INFO - socket.service | socket.on.SOCKET_AUTH_EVENT_LOGIN | Setting socket.userId = 65f62d337651fac755a305ee ; socket.username = carinegoren for socket [id: wZVZv53xL3tkrePAAAAv]
13.4.2024, 16:30:30 - INFO - socket.service | io.on.connection | New connected socket [id: f3B9jTyJ4cDwmSVhAAAx
13.4.2024, 17:11:36 - INFO - socket.service | socket.on.disconnect | Socket disconnected [userId: undefined]
13.4.2024, 17:11:36 - INFO - socket.service | socket.on.disconnect | Socket disconnected [userId: undefined]
13.4.2024, 17:11:36 - INFO - socket.service | socket.on.disconnect | Socket disconnected [userId: undefined]
13.4.2024, 17:35:16 - INFO - socket.service | io.on.connection | New connected socket [id: pDhEPwUONsrtkQe9AAAz
13.4.2024, 17:35:19 - INFO - socket.service | io.on.connection | New connected socket [id: mJyiik7jZxXJxxTEAAA1
13.4.2024, 17:35:33 - INFO - socket.service | socket.on.disconnect | Socket disconnected [userId: undefined]
13.4.2024, 17:35:34 - INFO - socket.service | io.on.connection | New connected socket [id: fkk-qkW1DbriNPpcAAA3
13.4.2024, 17:35:34 - INFO - socket.service | socket.on.SOCKET_AUTH_EVENT_LOGIN | Setting socket.userId = 65f62d337651fac755a305ee ; socket.username = carinegoren for socket [id: fkk-qkW1DbriNPpcAAA3]
13.4.2024, 17:35:35 - INFO - socket.service | io.on.connection | New connected socket [id: xBfWMbYP7K8tShIIAAA5
14.4.2024, 3:23:43 - INFO - server | listen() | Up and running on port 3031
14.4.2024, 3:23:44 - INFO - socket.service | io.on.connection | New connected socket [id: 9wESTZaXWg4OYf1XAAAB
14.4.2024, 3:23:48 - INFO - socket.service | io.on.connection | New connected socket [id: hzMSBt3PNzBkZ7dYAAAD
14.4.2024, 3:23:48 - INFO - socket.service | socket.on.SOCKET_AUTH_EVENT_LOGIN | Setting socket.userId = 65f62d337651fac755a305ee ; socket.username = carinegoren for socket [id: hzMSBt3PNzBkZ7dYAAAD]
14.4.2024, 4:30:01 - INFO - socket.service | socket.on.disconnect | Socket disconnected [userId: undefined]
14.4.2024, 4:30:01 - INFO - socket.service | socket.on.disconnect | Socket disconnected [userId: undefined]
14.4.2024, 10:34:35 - INFO - socket.service | io.on.connection | New connected socket [id: mxXWhAhqqs5ghjTlAAAF
14.4.2024, 10:34:35 - INFO - socket.service | io.on.connection | New connected socket [id: Z616qJRGh4FzKnGjAAAH
14.4.2024, 11:30:07 - INFO - socket.service | socket.on.disconnect | Socket disconnected [userId: undefined]
14.4.2024, 11:30:07 - INFO - socket.service | socket.on.disconnect | Socket disconnected [userId: undefined]
14.4.2024, 11:30:11 - INFO - socket.service | io.on.connection | New connected socket [id: I1I6mO2m9vhz61iuAAAJ
14.4.2024, 11:30:12 - INFO - socket.service | io.on.connection | New connected socket [id: UbYUbyMElGixDznTAAAL
14.4.2024, 11:35:49 - INFO - socket.service | socket.on.disconnect | Socket disconnected [userId: undefined]
14.4.2024, 11:35:49 - INFO - socket.service | socket.on.disconnect | Socket disconnected [userId: undefined]
14.4.2024, 11:55:17 - INFO - socket.service | io.on.connection | New connected socket [id: oBRIxBezxnnleDc2AAAN
14.4.2024, 11:55:18 - INFO - socket.service | io.on.connection | New connected socket [id: T0q-cbPRpYsKbYwDAAAP
14.4.2024, 12:00:23 - INFO - socket.service | socket.on.disconnect | Socket disconnected [userId: undefined]
14.4.2024, 12:00:23 - INFO - socket.service | socket.on.disconnect | Socket disconnected [userId: undefined]
14.4.2024, 12:00:41 - INFO - socket.service | io.on.connection | New connected socket [id: DbwS6jnWEEqJUdtEAAAR
14.4.2024, 12:00:41 - INFO - socket.service | io.on.connection | New connected socket [id: tJzQ2dwzYkDG9bR1AAAT
14.4.2024, 12:26:23 - INFO - socket.service | socket.on.disconnect | Socket disconnected [userId: undefined]
14.4.2024, 12:26:23 - INFO - socket.service | socket.on.disconnect | Socket disconnected [userId: undefined]
14.4.2024, 12:28:50 - INFO - socket.service | io.on.connection | New connected socket [id: r9XWt48yR9cJu7AKAAAW
14.4.2024, 12:28:50 - INFO - socket.service | io.on.connection | New connected socket [id: OwkmwqTWDrKSgjyoAAAX
14.4.2024, 12:47:45 - INFO - socket.service | socket.on.disconnect | Socket disconnected [userId: undefined]
14.4.2024, 12:47:45 - INFO - socket.service | socket.on.disconnect | Socket disconnected [userId: undefined]
14.4.2024, 12:48:16 - INFO - socket.service | io.on.connection | New connected socket [id: 1wwYfwfKRmZnDcHnAAAZ
14.4.2024, 12:48:17 - INFO - socket.service | io.on.connection | New connected socket [id: DlGebzR6L56-zvtiAAAb
14.4.2024, 12:51:45 - INFO - socket.service | socket.on.disconnect | Socket disconnected [userId: undefined]
14.4.2024, 12:51:45 - INFO - socket.service | socket.on.disconnect | Socket disconnected [userId: undefined]
14.4.2024, 12:55:46 - INFO - socket.service | io.on.connection | New connected socket [id: 7WrhI46kQ2Gm7wrQAAAd
14.4.2024, 12:55:47 - INFO - socket.service | io.on.connection | New connected socket [id: bZDTr06pl5MZ8zPNAAAf
14.4.2024, 12:56:14 - INFO - socket.service | socket.on.disconnect | Socket disconnected [userId: undefined]
14.4.2024, 12:56:14 - INFO - socket.service | socket.on.disconnect | Socket disconnected [userId: undefined]
14.4.2024, 13:05:07 - INFO - socket.service | io.on.connection | New connected socket [id: C37sR2Z_lq6KM3lsAAAi
14.4.2024, 13:05:07 - INFO - socket.service | io.on.connection | New connected socket [id: ticja5iD_1hsne6MAAAj
14.4.2024, 13:19:17 - INFO - socket.service | socket.on.disconnect | Socket disconnected [userId: undefined]
14.4.2024, 13:19:17 - INFO - socket.service | socket.on.disconnect | Socket disconnected [userId: undefined]
14.4.2024, 13:20:30 - INFO - socket.service | io.on.connection | New connected socket [id: vrZMRTvxoF5O8v3WAAAm
14.4.2024, 13:20:31 - INFO - socket.service | io.on.connection | New connected socket [id: KDlx3DIFm3JZBP64AAAn
14.4.2024, 13:21:10 - INFO - socket.service | io.on.connection | New connected socket [id: G01MA8fVXcTB2RlHAAAp
14.4.2024, 13:21:16 - INFO - socket.service | socket.on.SOCKET_AUTH_EVENT_LOGIN | Setting socket.userId = 660de67e5a5523ab58c774d6 ; socket.username = demo for socket [id: G01MA8fVXcTB2RlHAAAp]
14.4.2024, 13:21:26 - DEBUG - AAA [controll]
14.4.2024, 13:21:27 - DEBUG - BBB
14.4.2024, 13:21:27 - INFO - socket.service | emitToUser() | No active socket for user: danielhagari
14.4.2024, 13:21:27 - DEBUG - CCC
14.4.2024, 13:21:27 - DEBUG - CCC [socket not exist]
14.4.2024, 13:22:47 - DEBUG - BBB
14.4.2024, 13:22:47 - DEBUG - CCC
14.4.2024, 13:22:47 - DEBUG - CCC [socket not exist]
14.4.2024, 13:22:47 - INFO - socket.service | emitToUser() | No active socket for user: danielhagari
14.4.2024, 13:28:42 - INFO - socket.service | socket.on.disconnect | Socket disconnected [userId: undefined]
14.4.2024, 13:28:42 - INFO - socket.service | io.on.connection | New connected socket [id: TT4t06I3kvXHLTSvAAAr
14.4.2024, 13:28:42 - INFO - socket.service | socket.on.SOCKET_AUTH_EVENT_LOGIN | Setting socket.userId = 660de67e5a5523ab58c774d6 ; socket.username = demo for socket [id: TT4t06I3kvXHLTSvAAAr]
14.4.2024, 13:28:43 - INFO - socket.service | io.on.connection | New connected socket [id: RQ0V9imKslQEdC52AAAt
14.4.2024, 13:28:44 - INFO - socket.service | io.on.connection | New connected socket [id: Fdoen2Y8zb94MfEiAAAv
14.4.2024, 13:30:20 - DEBUG - BBB
14.4.2024, 13:30:20 - DEBUG - CCC
14.4.2024, 13:30:20 - DEBUG - CCC [socket not exist]
14.4.2024, 13:30:20 - INFO - socket.service | emitToUser() | No active socket for user: lucas
14.4.2024, 13:30:23 - DEBUG - AAA [controll]
14.4.2024, 13:30:23 - DEBUG - BBB
14.4.2024, 13:30:23 - DEBUG - CCC
14.4.2024, 13:30:23 - INFO - socket.service | emitToUser() | No active socket for user: lucas
14.4.2024, 13:30:23 - DEBUG - CCC [socket not exist]
14.4.2024, 13:31:51 - INFO - server | listen() | Up and running on port 3031
14.4.2024, 13:31:52 - INFO - socket.service | io.on.connection | New connected socket [id: m88hT4G3TuF5fQBtAAAE
14.4.2024, 13:31:52 - INFO - socket.service | io.on.connection | New connected socket [id: xAwp4WVTe_t_eqlwAAAD
14.4.2024, 13:31:52 - INFO - socket.service | io.on.connection | New connected socket [id: pRbg_bsyUXBanYltAAAF
15.4.2024, 14:32:36 - INFO - server | listen() | Up and running on port 3031
15.4.2024, 14:33:45 - INFO - socket.service | io.on.connection | New connected socket [id: l_xPGyvEKCn3lttoAAAB
15.4.2024, 14:33:45 - INFO - socket.service | socket.on.SOCKET_AUTH_EVENT_LOGIN | Setting socket.userId = 65f62d337651fac755a305ee ; socket.username = carinegoren for socket [id: l_xPGyvEKCn3lttoAAAB]
15.4.2024, 14:37:15 - INFO - socket.service | socket.on.disconnect | Socket disconnected [userId: undefined]
15.4.2024, 14:37:15 - INFO - socket.service | io.on.connection | New connected socket [id: gR2bKRW6Lz37XvIqAAAD
15.4.2024, 14:37:15 - INFO - socket.service | socket.on.SOCKET_AUTH_EVENT_LOGIN | Setting socket.userId = 65f62d337651fac755a305ee ; socket.username = carinegoren for socket [id: gR2bKRW6Lz37XvIqAAAD]
15.4.2024, 14:38:04 - INFO - socket.service | socket.on.disconnect | Socket disconnected [userId: undefined]
15.4.2024, 14:38:04 - INFO - socket.service | io.on.connection | New connected socket [id: TPxIBl8ktNB9uvLhAAAF
15.4.2024, 14:38:05 - INFO - socket.service | socket.on.SOCKET_AUTH_EVENT_LOGIN | Setting socket.userId = 65f62d337651fac755a305ee ; socket.username = carinegoren for socket [id: TPxIBl8ktNB9uvLhAAAF]
15.4.2024, 14:40:23 - INFO - socket.service | socket.on.disconnect | Socket disconnected [userId: undefined]
15.4.2024, 14:40:23 - INFO - socket.service | io.on.connection | New connected socket [id: KcGex_LMyVRP6rRJAAAH
15.4.2024, 14:40:23 - INFO - socket.service | socket.on.SOCKET_AUTH_EVENT_LOGIN | Setting socket.userId = 65f62d337651fac755a305ee ; socket.username = carinegoren for socket [id: KcGex_LMyVRP6rRJAAAH]
15.4.2024, 14:46:32 - INFO - socket.service | socket.on.disconnect | Socket disconnected [userId: undefined]
15.4.2024, 14:46:33 - INFO - socket.service | io.on.connection | New connected socket [id: BAbxtD-f9wZdha-IAAAJ
15.4.2024, 14:46:33 - INFO - socket.service | socket.on.SOCKET_AUTH_EVENT_LOGIN | Setting socket.userId = 65f62d337651fac755a305ee ; socket.username = carinegoren for socket [id: BAbxtD-f9wZdha-IAAAJ]
15.4.2024, 14:47:38 - INFO - socket.service | socket.on.disconnect | Socket disconnected [userId: undefined]
15.4.2024, 14:47:38 - INFO - socket.service | io.on.connection | New connected socket [id: PXsCr4QmJU5Ts-6aAAAL
15.4.2024, 14:47:39 - INFO - socket.service | socket.on.SOCKET_AUTH_EVENT_LOGIN | Setting socket.userId = 65f62d337651fac755a305ee ; socket.username = carinegoren for socket [id: PXsCr4QmJU5Ts-6aAAAL]
15.4.2024, 14:47:59 - INFO - socket.service | socket.on.disconnect | Socket disconnected [userId: undefined]
15.4.2024, 14:48:00 - INFO - socket.service | io.on.connection | New connected socket [id: F-YGPzOXxAjoWIaqAAAN
15.4.2024, 14:48:00 - INFO - socket.service | socket.on.SOCKET_AUTH_EVENT_LOGIN | Setting socket.userId = 65f62d337651fac755a305ee ; socket.username = carinegoren for socket [id: F-YGPzOXxAjoWIaqAAAN]
15.4.2024, 14:48:15 - INFO - socket.service | socket.on.disconnect | Socket disconnected [userId: undefined]
15.4.2024, 14:48:15 - INFO - socket.service | io.on.connection | New connected socket [id: 4CbTurrG3bLUJvqFAAAP
15.4.2024, 14:48:16 - INFO - socket.service | socket.on.SOCKET_AUTH_EVENT_LOGIN | Setting socket.userId = 65f62d337651fac755a305ee ; socket.username = carinegoren for socket [id: 4CbTurrG3bLUJvqFAAAP]
15.4.2024, 14:48:49 - INFO - socket.service | socket.on.disconnect | Socket disconnected [userId: undefined]
15.4.2024, 14:48:49 - INFO - socket.service | io.on.connection | New connected socket [id: vv0QTA1UEfqKt7RYAAAR
15.4.2024, 14:48:49 - INFO - socket.service | socket.on.SOCKET_AUTH_EVENT_LOGIN | Setting socket.userId = 65f62d337651fac755a305ee ; socket.username = carinegoren for socket [id: vv0QTA1UEfqKt7RYAAAR]
15.4.2024, 14:49:59 - INFO - socket.service | socket.on.disconnect | Socket disconnected [userId: undefined]
15.4.2024, 14:49:59 - INFO - socket.service | io.on.connection | New connected socket [id: w2KzPi5hSCNz6P2-AAAT
15.4.2024, 14:49:59 - INFO - socket.service | socket.on.SOCKET_AUTH_EVENT_LOGIN | Setting socket.userId = 65f62d337651fac755a305ee ; socket.username = carinegoren for socket [id: w2KzPi5hSCNz6P2-AAAT]
15.4.2024, 14:50:09 - INFO - socket.service | socket.on.disconnect | Socket disconnected [userId: undefined]
15.4.2024, 14:50:09 - INFO - socket.service | io.on.connection | New connected socket [id: bcbnmYsDAoOCQ8bIAAAV
15.4.2024, 14:50:10 - INFO - socket.service | socket.on.SOCKET_AUTH_EVENT_LOGIN | Setting socket.userId = 65f62d337651fac755a305ee ; socket.username = carinegoren for socket [id: bcbnmYsDAoOCQ8bIAAAV]
15.4.2024, 14:50:12 - INFO - socket.service | socket.on.disconnect | Socket disconnected [userId: undefined]
15.4.2024, 14:50:13 - INFO - socket.service | io.on.connection | New connected socket [id: cw4ITXD5BOOcbfLeAAAX
15.4.2024, 14:50:13 - INFO - socket.service | socket.on.SOCKET_AUTH_EVENT_LOGIN | Setting socket.userId = 65f62d337651fac755a305ee ; socket.username = carinegoren for socket [id: cw4ITXD5BOOcbfLeAAAX]
15.4.2024, 14:52:29 - INFO - socket.service | socket.on.disconnect | Socket disconnected [userId: undefined]
15.4.2024, 14:52:30 - INFO - socket.service | io.on.connection | New connected socket [id: eNL9gFnhOmeQ1c3GAAAZ
15.4.2024, 14:52:30 - INFO - socket.service | socket.on.SOCKET_AUTH_EVENT_LOGIN | Setting socket.userId = 65f62d337651fac755a305ee ; socket.username = carinegoren for socket [id: eNL9gFnhOmeQ1c3GAAAZ]
15.4.2024, 14:52:33 - INFO - socket.service | socket.on.disconnect | Socket disconnected [userId: undefined]
15.4.2024, 14:53:37 - INFO - socket.service | io.on.connection | New connected socket [id: PXd3bnux-Azu4pRxAAAb
15.4.2024, 14:53:38 - INFO - socket.service | socket.on.SOCKET_AUTH_EVENT_LOGIN | Setting socket.userId = 65f62d337651fac755a305ee ; socket.username = carinegoren for socket [id: PXd3bnux-Azu4pRxAAAb]
15.4.2024, 14:54:30 - INFO - socket.service | socket.on.disconnect | Socket disconnected [userId: undefined]
15.4.2024, 14:54:30 - INFO - socket.service | io.on.connection | New connected socket [id: 4V0WBPsoF5oDn4ukAAAd
15.4.2024, 14:54:31 - INFO - socket.service | socket.on.SOCKET_AUTH_EVENT_LOGIN | Setting socket.userId = 65f62d337651fac755a305ee ; socket.username = carinegoren for socket [id: 4V0WBPsoF5oDn4ukAAAd]
15.4.2024, 14:54:57 - INFO - socket.service | socket.on.disconnect | Socket disconnected [userId: undefined]
15.4.2024, 14:54:58 - INFO - socket.service | io.on.connection | New connected socket [id: gHsMqKwkL6RmcJyAAAAf
15.4.2024, 14:54:58 - INFO - socket.service | socket.on.SOCKET_AUTH_EVENT_LOGIN | Setting socket.userId = 65f62d337651fac755a305ee ; socket.username = carinegoren for socket [id: gHsMqKwkL6RmcJyAAAAf]
15.4.2024, 15:02:47 - INFO - socket.service | socket.on.disconnect | Socket disconnected [userId: undefined]
15.4.2024, 15:02:48 - INFO - socket.service | io.on.connection | New connected socket [id: hayaiv5ce5Bzc5ajAAAh
15.4.2024, 15:02:48 - INFO - socket.service | socket.on.SOCKET_AUTH_EVENT_LOGIN | Setting socket.userId = 65f62d337651fac755a305ee ; socket.username = carinegoren for socket [id: hayaiv5ce5Bzc5ajAAAh]
15.4.2024, 15:02:51 - INFO - socket.service | socket.on.disconnect | Socket disconnected [userId: undefined]
15.4.2024, 15:02:52 - INFO - socket.service | io.on.connection | New connected socket [id: fACCh-DABZeGJfTqAAAj
15.4.2024, 15:02:52 - INFO - socket.service | socket.on.SOCKET_AUTH_EVENT_LOGIN | Setting socket.userId = 65f62d337651fac755a305ee ; socket.username = carinegoren for socket [id: fACCh-DABZeGJfTqAAAj]
15.4.2024, 15:02:52 - INFO - socket.service | socket.on.disconnect | Socket disconnected [userId: undefined]
15.4.2024, 15:02:53 - INFO - socket.service | io.on.connection | New connected socket [id: 02saBGfjbZUIQKp2AAAl
15.4.2024, 15:02:53 - INFO - socket.service | socket.on.SOCKET_AUTH_EVENT_LOGIN | Setting socket.userId = 65f62d337651fac755a305ee ; socket.username = carinegoren for socket [id: 02saBGfjbZUIQKp2AAAl]
15.4.2024, 15:03:28 - INFO - socket.service | socket.on.disconnect | Socket disconnected [userId: undefined]
15.4.2024, 15:03:28 - INFO - socket.service | io.on.connection | New connected socket [id: HYhHrUGSp7T1TytaAAAn
15.4.2024, 15:03:28 - INFO - socket.service | socket.on.SOCKET_AUTH_EVENT_LOGIN | Setting socket.userId = 65f62d337651fac755a305ee ; socket.username = carinegoren for socket [id: HYhHrUGSp7T1TytaAAAn]
15.4.2024, 15:03:32 - INFO - socket.service | socket.on.disconnect | Socket disconnected [userId: undefined]
15.4.2024, 15:03:32 - INFO - socket.service | io.on.connection | New connected socket [id: laUnUpr0Tms01V8zAAAp
15.4.2024, 15:03:32 - INFO - socket.service | socket.on.SOCKET_AUTH_EVENT_LOGIN | Setting socket.userId = 65f62d337651fac755a305ee ; socket.username = carinegoren for socket [id: laUnUpr0Tms01V8zAAAp]
15.4.2024, 15:03:53 - INFO - socket.service | socket.on.disconnect | Socket disconnected [userId: undefined]
15.4.2024, 15:03:53 - INFO - socket.service | io.on.connection | New connected socket [id: c-4DTwZgnvjrtdFsAAAr
15.4.2024, 15:03:54 - INFO - socket.service | socket.on.SOCKET_AUTH_EVENT_LOGIN | Setting socket.userId = 65f62d337651fac755a305ee ; socket.username = carinegoren for socket [id: c-4DTwZgnvjrtdFsAAAr]
15.4.2024, 15:07:02 - INFO - socket.service | socket.on.disconnect | Socket disconnected [userId: undefined]
15.4.2024, 15:07:02 - INFO - socket.service | io.on.connection | New connected socket [id: Z3MSYPvOX9l2_rvAAAAt
15.4.2024, 15:07:02 - INFO - socket.service | socket.on.SOCKET_AUTH_EVENT_LOGIN | Setting socket.userId = 65f62d337651fac755a305ee ; socket.username = carinegoren for socket [id: Z3MSYPvOX9l2_rvAAAAt]
15.4.2024, 15:30:30 - INFO - socket.service | socket.on.disconnect | Socket disconnected [userId: undefined]
15.4.2024, 15:30:30 - INFO - socket.service | io.on.connection | New connected socket [id: CTXV78v1gMB0tFHpAAAv
15.4.2024, 15:30:31 - INFO - socket.service | socket.on.SOCKET_AUTH_EVENT_LOGIN | Setting socket.userId = 65f62d337651fac755a305ee ; socket.username = carinegoren for socket [id: CTXV78v1gMB0tFHpAAAv]
15.4.2024, 15:36:07 - INFO - socket.service | socket.on.disconnect | Socket disconnected [userId: undefined]
15.4.2024, 16:55:33 - INFO - socket.service | io.on.connection | New connected socket [id: Y78U6T2IQfaj17MoAAAx
15.4.2024, 17:07:16 - INFO - socket.service | socket.on.disconnect | Socket disconnected [userId: undefined]
15.4.2024, 17:07:17 - INFO - socket.service | io.on.connection | New connected socket [id: 8nNzSqdVTzq26uTnAAAz
15.4.2024, 17:07:17 - INFO - socket.service | socket.on.SOCKET_AUTH_EVENT_LOGIN | Setting socket.userId = 65f62d337651fac755a305ee ; socket.username = carinegoren for socket [id: 8nNzSqdVTzq26uTnAAAz]
15.4.2024, 17:44:45 - INFO - socket.service | socket.on.disconnect | Socket disconnected [userId: undefined]
15.4.2024, 19:10:11 - INFO - socket.service | io.on.connection | New connected socket [id: Z6hDgY9KJ0DX4BllAAA1
15.4.2024, 20:11:58 - INFO - socket.service | socket.on.disconnect | Socket disconnected [userId: undefined]
15.4.2024, 20:11:58 - INFO - socket.service | io.on.connection | New connected socket [id: RogReTL1F5DzT-l2AAA3
15.4.2024, 20:11:59 - INFO - socket.service | socket.on.SOCKET_AUTH_EVENT_LOGIN | Setting socket.userId = 65f62d337651fac755a305ee ; socket.username = carinegoren for socket [id: RogReTL1F5DzT-l2AAA3]
15.4.2024, 20:19:35 - INFO - socket.service | socket.on.disconnect | Socket disconnected [userId: undefined]
15.4.2024, 20:19:37 - INFO - socket.service | io.on.connection | New connected socket [id: epq-8cRLAMx32sUXAAA5
15.4.2024, 22:44:17 - INFO - socket.service | socket.on.disconnect | Socket disconnected [userId: undefined]
15.4.2024, 22:44:17 - INFO - socket.service | io.on.connection | New connected socket [id: kJ1Bm7hNNMIG5F3pAAA7
15.4.2024, 22:44:17 - INFO - socket.service | socket.on.SOCKET_AUTH_EVENT_LOGIN | Setting socket.userId = 65f62d337651fac755a305ee ; socket.username = carinegoren for socket [id: kJ1Bm7hNNMIG5F3pAAA7]
16.4.2024, 0:25:23 - INFO - socket.service | socket.on.disconnect | Socket disconnected [userId: undefined]
16.4.2024, 7:54:46 - INFO - socket.service | io.on.connection | New connected socket [id: BVUofu2ZyYaoPj6KAAA9
16.4.2024, 9:08:07 - INFO - socket.service | socket.on.disconnect | Socket disconnected [userId: undefined]
16.4.2024, 9:08:08 - INFO - socket.service | io.on.connection | New connected socket [id: kTFsX_2XfQ3GJPs3AAA_
16.4.2024, 9:08:08 - INFO - socket.service | socket.on.SOCKET_AUTH_EVENT_LOGIN | Setting socket.userId = 65f62d337651fac755a305ee ; socket.username = carinegoren for socket [id: kTFsX_2XfQ3GJPs3AAA_]
16.4.2024, 9:08:59 - INFO - socket.service | socket.on.disconnect | Socket disconnected [userId: undefined]
16.4.2024, 9:09:00 - INFO - socket.service | io.on.connection | New connected socket [id: fOgwQuYzNDenIsEfAABB
16.4.2024, 9:09:00 - INFO - socket.service | socket.on.SOCKET_AUTH_EVENT_LOGIN | Setting socket.userId = 65f62d337651fac755a305ee ; socket.username = carinegoren for socket [id: fOgwQuYzNDenIsEfAABB]
16.4.2024, 9:22:37 - INFO - socket.service | socket.on.disconnect | Socket disconnected [userId: undefined]
16.4.2024, 9:25:23 - INFO - socket.service | io.on.connection | New connected socket [id: NU_3HLMvdYZDx2d6AABD
16.4.2024, 9:25:38 - INFO - socket.service | socket.on.disconnect | Socket disconnected [userId: undefined]
16.4.2024, 9:25:39 - INFO - socket.service | io.on.connection | New connected socket [id: BVF2Tbq8uJPgnhhqAABF
16.4.2024, 9:25:39 - INFO - socket.service | socket.on.SOCKET_AUTH_EVENT_LOGIN | Setting socket.userId = 65f62d337651fac755a305ee ; socket.username = carinegoren for socket [id: BVF2Tbq8uJPgnhhqAABF]
16.4.2024, 9:33:15 - INFO - socket.service | socket.on.disconnect | Socket disconnected [userId: undefined]
16.4.2024, 9:33:15 - INFO - socket.service | io.on.connection | New connected socket [id: KFMtWzsJT3LwvFG7AABH
16.4.2024, 9:33:16 - INFO - socket.service | socket.on.SOCKET_AUTH_EVENT_LOGIN | Setting socket.userId = 65f62d337651fac755a305ee ; socket.username = carinegoren for socket [id: KFMtWzsJT3LwvFG7AABH]
16.4.2024, 9:39:07 - INFO - socket.service | socket.on.disconnect | Socket disconnected [userId: undefined]
16.4.2024, 9:39:08 - INFO - socket.service | io.on.connection | New connected socket [id: LRxdo0HPF9LYXC_DAABJ
16.4.2024, 9:39:08 - INFO - socket.service | socket.on.SOCKET_AUTH_EVENT_LOGIN | Setting socket.userId = 65f62d337651fac755a305ee ; socket.username = carinegoren for socket [id: LRxdo0HPF9LYXC_DAABJ]
16.4.2024, 9:39:50 - INFO - socket.service | socket.on.disconnect | Socket disconnected [userId: undefined]
16.4.2024, 9:39:50 - INFO - socket.service | io.on.connection | New connected socket [id: EBrSKysLqSG6jgLWAABL
16.4.2024, 9:39:51 - INFO - socket.service | socket.on.SOCKET_AUTH_EVENT_LOGIN | Setting socket.userId = 65f62d337651fac755a305ee ; socket.username = carinegoren for socket [id: EBrSKysLqSG6jgLWAABL]
16.4.2024, 9:40:44 - INFO - socket.service | socket.on.disconnect | Socket disconnected [userId: undefined]
16.4.2024, 9:40:46 - INFO - socket.service | io.on.connection | New connected socket [id: 6_Di5sBdML3EPac8AABN
16.4.2024, 9:41:04 - INFO - socket.service | socket.on.SOCKET_AUTH_EVENT_LOGIN | Setting socket.userId = 65e9885d465f1e7de899e251 ; socket.username = lucas for socket [id: 6_Di5sBdML3EPac8AABN]
16.4.2024, 9:52:33 - INFO - socket.service | socket.on.disconnect | Socket disconnected [userId: undefined]
16.4.2024, 9:52:33 - INFO - socket.service | io.on.connection | New connected socket [id: KyExYd-TIhfEttyDAABP
16.4.2024, 9:52:33 - INFO - socket.service | socket.on.SOCKET_AUTH_EVENT_LOGIN | Setting socket.userId = 65e9885d465f1e7de899e251 ; socket.username = lucas for socket [id: KyExYd-TIhfEttyDAABP]
16.4.2024, 9:56:25 - INFO - socket.service | socket.on.disconnect | Socket disconnected [userId: undefined]
16.4.2024, 9:56:26 - INFO - socket.service | io.on.connection | New connected socket [id: -DkA3QkovWVyyTBBAABR
16.4.2024, 9:56:26 - INFO - socket.service | socket.on.SOCKET_AUTH_EVENT_LOGIN | Setting socket.userId = 65e9885d465f1e7de899e251 ; socket.username = lucas for socket [id: -DkA3QkovWVyyTBBAABR]
16.4.2024, 10:35:05 - INFO - socket.service | socket.on.disconnect | Socket disconnected [userId: undefined]
16.4.2024, 11:35:11 - INFO - socket.service | io.on.connection | New connected socket [id: 9bWdS_IzdCXIR1tvAABT
16.4.2024, 13:09:55 - INFO - socket.service | socket.on.disconnect | Socket disconnected [userId: undefined]
16.4.2024, 13:10:04 - INFO - socket.service | io.on.connection | New connected socket [id: gDDY37l4h6HBAJ62AABV
16.4.2024, 13:22:59 - INFO - socket.service | socket.on.disconnect | Socket disconnected [userId: undefined]
16.4.2024, 13:30:50 - INFO - socket.service | io.on.connection | New connected socket [id: -Hn50lPT8-EdpppEAABX
16.4.2024, 13:44:36 - INFO - socket.service | socket.on.disconnect | Socket disconnected [userId: undefined]
16.4.2024, 13:44:37 - INFO - socket.service | io.on.connection | New connected socket [id: c1U7YtiLK-ytLa8UAABZ
16.4.2024, 13:44:37 - INFO - socket.service | socket.on.SOCKET_AUTH_EVENT_LOGIN | Setting socket.userId = 65e9885d465f1e7de899e251 ; socket.username = lucas for socket [id: c1U7YtiLK-ytLa8UAABZ]
16.4.2024, 15:02:38 - INFO - socket.service | socket.on.disconnect | Socket disconnected [userId: undefined]
16.4.2024, 15:02:40 - INFO - socket.service | io.on.connection | New connected socket [id: Dhl4dpC-JBhbHuWuAABb
16.4.2024, 15:06:51 - INFO - socket.service | socket.on.disconnect | Socket disconnected [userId: undefined]
16.4.2024, 19:02:14 - INFO - socket.service | io.on.connection | New connected socket [id: aj23PkfEKzT6JRr9AABd
16.4.2024, 20:15:00 - INFO - socket.service | socket.on.disconnect | Socket disconnected [userId: undefined]
16.4.2024, 20:19:52 - INFO - socket.service | io.on.connection | New connected socket [id: gV-7x_YUgFwSyz0mAABf
16.4.2024, 20:43:33 - INFO - socket.service | socket.on.disconnect | Socket disconnected [userId: undefined]
16.4.2024, 20:50:39 - INFO - socket.service | io.on.connection | New connected socket [id: qU_TAkXBL0Rght2JAABh
16.4.2024, 20:57:29 - INFO - socket.service | socket.on.disconnect | Socket disconnected [userId: undefined]
16.4.2024, 22:50:36 - INFO - socket.service | io.on.connection | New connected socket [id: UP7rbfjV2bSTGjtqAABj
17.4.2024, 0:14:40 - INFO - socket.service | socket.on.disconnect | Socket disconnected [userId: undefined]
17.4.2024, 7:14:43 - INFO - socket.service | io.on.connection | New connected socket [id: n17IVSDw--6ZiFfgAABl
17.4.2024, 7:43:34 - INFO - server | listen() | Up and running on port 3031
17.4.2024, 7:43:35 - INFO - socket.service | io.on.connection | New connected socket [id: 82OQHEy-LyH4QdFcAAAB
17.4.2024, 7:43:55 - INFO - socket.service | io.on.connection | New connected socket [id: 1L4YMah20J2jVvQRAAAD
17.4.2024, 7:44:06 - INFO - socket.service | socket.on.SOCKET_AUTH_EVENT_LOGIN | Setting socket.userId = 660de67e5a5523ab58c774d6 ; socket.username = demo for socket [id: 1L4YMah20J2jVvQRAAAD]
17.4.2024, 7:44:12 - INFO - socket.service | socket.on.SOCKET_AUTH_EVENT_LOGOUT | Removing socket.userId = 660de67e5a5523ab58c774d6 ; socket.username = demo for socket [id: 1L4YMah20J2jVvQRAAAD]
17.4.2024, 7:44:21 - INFO - socket.service | socket.on.SOCKET_AUTH_EVENT_LOGIN | Setting socket.userId = 65e9885d465f1e7de899e251 ; socket.username = lucas for socket [id: 1L4YMah20J2jVvQRAAAD]
17.4.2024, 7:44:37 - INFO - socket.service | socket.on.disconnect | Socket disconnected [userId: undefined]
17.4.2024, 7:44:39 - INFO - socket.service | io.on.connection | New connected socket [id: OMkOKYzdwZHbvn18AAAF
17.4.2024, 7:44:52 - INFO - socket.service | io.on.connection | New connected socket [id: nMb6C7dKq8mhCOaDAAAH
17.4.2024, 7:45:04 - INFO - socket.service | socket.on.SOCKET_AUTH_EVENT_LOGIN | Setting socket.userId = 65e9885d465f1e7de899e251 ; socket.username = lucas for socket [id: nMb6C7dKq8mhCOaDAAAH]
17.4.2024, 7:48:22 - INFO - socket.service | socket.on.disconnect | Socket disconnected [userId: undefined]
17.4.2024, 7:48:22 - INFO - socket.service | io.on.connection | New connected socket [id: WsMHNFN7H6mt6DmuAAAJ
17.4.2024, 7:48:22 - INFO - socket.service | socket.on.SOCKET_AUTH_EVENT_LOGIN | Setting socket.userId = 65e9885d465f1e7de899e251 ; socket.username = lucas for socket [id: WsMHNFN7H6mt6DmuAAAJ]
17.4.2024, 7:48:23 - INFO - socket.service | io.on.connection | New connected socket [id: W29MZX6-kgsoyOc2AAAL
17.4.2024, 7:50:55 - INFO - socket.service | socket.on.disconnect | Socket disconnected [userId: undefined]
17.4.2024, 7:50:55 - INFO - socket.service | socket.on.disconnect | Socket disconnected [userId: undefined]
17.4.2024, 7:50:55 - INFO - socket.service | socket.on.disconnect | Socket disconnected [userId: undefined]
17.4.2024, 7:50:56 - INFO - socket.service | io.on.connection | New connected socket [id: F2tH6KdkTDb6WqcfAAAN
17.4.2024, 7:50:56 - INFO - socket.service | socket.on.SOCKET_AUTH_EVENT_LOGIN | Setting socket.userId = 65e9885d465f1e7de899e251 ; socket.username = lucas for socket [id: F2tH6KdkTDb6WqcfAAAN]
17.4.2024, 7:50:57 - INFO - socket.service | io.on.connection | New connected socket [id: aTXQ0nfF6drBslOVAAAP
17.4.2024, 8:06:03 - INFO - socket.service | socket.on.disconnect | Socket disconnected [userId: undefined]
17.4.2024, 8:06:03 - INFO - socket.service | socket.on.disconnect | Socket disconnected [userId: undefined]
17.4.2024, 8:06:03 - INFO - socket.service | socket.on.disconnect | Socket disconnected [userId: undefined]
17.4.2024, 9:53:04 - INFO - socket.service | io.on.connection | New connected socket [id: bKpYHoySiScjG9XMAAAR
17.4.2024, 9:53:09 - INFO - socket.service | io.on.connection | New connected socket [id: ZgDnEwFco6E8Vs-rAAAT
17.4.2024, 10:20:23 - INFO - socket.service | socket.on.disconnect | Socket disconnected [userId: undefined]
17.4.2024, 10:20:24 - INFO - socket.service | io.on.connection | New connected socket [id: OMMkMPOTB2-V1YkaAAAV
17.4.2024, 10:20:25 - INFO - socket.service | socket.on.SOCKET_AUTH_EVENT_LOGIN | Setting socket.userId = 65e9885d465f1e7de899e251 ; socket.username = lucas for socket [id: OMMkMPOTB2-V1YkaAAAV]
17.4.2024, 10:20:25 - INFO - socket.service | io.on.connection | New connected socket [id: lu7cVgehpgW1zqijAAAX
17.4.2024, 11:58:32 - INFO - socket.service | socket.on.disconnect | Socket disconnected [userId: undefined]
17.4.2024, 11:58:32 - INFO - socket.service | socket.on.disconnect | Socket disconnected [userId: undefined]
17.4.2024, 11:58:32 - INFO - socket.service | socket.on.disconnect | Socket disconnected [userId: undefined]
17.4.2024, 11:59:00 - INFO - socket.service | io.on.connection | New connected socket [id: 11nwSh3IQROeWSrdAAAZ
17.4.2024, 11:59:00 - INFO - socket.service | io.on.connection | New connected socket [id: MW2gzSwH-PlVXuBaAAAb
17.4.2024, 11:59:10 - INFO - socket.service | socket.on.disconnect | Socket disconnected [userId: undefined]
17.4.2024, 11:59:10 - INFO - socket.service | socket.on.disconnect | Socket disconnected [userId: undefined]
17.4.2024, 12:03:10 - INFO - socket.service | io.on.connection | New connected socket [id: R441KHOk2tZsrGjlAAAd
17.4.2024, 12:03:12 - INFO - socket.service | io.on.connection | New connected socket [id: GyNQdjfVuxYasa0eAAAf
17.4.2024, 12:03:51 - INFO - socket.service | socket.on.disconnect | Socket disconnected [userId: undefined]
17.4.2024, 12:03:52 - INFO - socket.service | io.on.connection | New connected socket [id: Qe2uag75QhLN8UD5AAAh
17.4.2024, 12:03:52 - INFO - socket.service | socket.on.SOCKET_AUTH_EVENT_LOGIN | Setting socket.userId = 65e9885d465f1e7de899e251 ; socket.username = lucas for socket [id: Qe2uag75QhLN8UD5AAAh]
17.4.2024, 12:03:53 - INFO - socket.service | io.on.connection | New connected socket [id: zSPHul6mOQSAzEogAAAj
17.4.2024, 13:49:19 - INFO - socket.service | socket.on.disconnect | Socket disconnected [userId: undefined]
17.4.2024, 13:49:19 - INFO - socket.service | socket.on.disconnect | Socket disconnected [userId: undefined]
17.4.2024, 13:49:19 - INFO - socket.service | socket.on.disconnect | Socket disconnected [userId: undefined]
17.4.2024, 14:10:05 - INFO - socket.service | io.on.connection | New connected socket [id: yBYolxOjp6Hb1pz7AAAl
17.4.2024, 14:10:07 - INFO - socket.service | io.on.connection | New connected socket [id: B5WZON8cYT0E_OtRAAAn
17.4.2024, 14:15:16 - INFO - socket.service | socket.on.disconnect | Socket disconnected [userId: undefined]
17.4.2024, 14:15:16 - INFO - socket.service | socket.on.disconnect | Socket disconnected [userId: undefined]
17.4.2024, 16:01:48 - INFO - socket.service | io.on.connection | New connected socket [id: 7PI20Hi40k01mC6CAAAp
17.4.2024, 16:01:49 - INFO - socket.service | io.on.connection | New connected socket [id: _2MNjZ3tlCmKrEILAAAr
17.4.2024, 16:10:45 - INFO - socket.service | socket.on.disconnect | Socket disconnected [userId: undefined]
17.4.2024, 16:10:45 - INFO - socket.service | socket.on.disconnect | Socket disconnected [userId: undefined]
17.4.2024, 16:33:01 - INFO - socket.service | io.on.connection | New connected socket [id: 7OmfuCGnF3TODH9LAAAt
17.4.2024, 16:33:03 - INFO - socket.service | io.on.connection | New connected socket [id: EP-vICXjnY4k9HP9AAAv
17.4.2024, 16:54:39 - INFO - socket.service | socket.on.disconnect | Socket disconnected [userId: undefined]
17.4.2024, 16:54:41 - INFO - socket.service | io.on.connection | New connected socket [id: JbH8nU2pP14Pe6FkAAAx
17.4.2024, 16:54:41 - INFO - socket.service | socket.on.SOCKET_AUTH_EVENT_LOGIN | Setting socket.userId = 65e9885d465f1e7de899e251 ; socket.username = lucas for socket [id: JbH8nU2pP14Pe6FkAAAx]
17.4.2024, 16:54:41 - INFO - socket.service | io.on.connection | New connected socket [id: 51QMeup9w5psJEr-AAAz
17.4.2024, 17:31:51 - INFO - socket.service | socket.on.disconnect | Socket disconnected [userId: undefined]
17.4.2024, 17:31:51 - INFO - socket.service | socket.on.disconnect | Socket disconnected [userId: undefined]
17.4.2024, 17:31:51 - INFO - socket.service | socket.on.disconnect | Socket disconnected [userId: undefined]
17.4.2024, 17:32:04 - INFO - socket.service | io.on.connection | New connected socket [id: PTDEdlPsg17OfzYYAAA2
17.4.2024, 17:32:04 - INFO - socket.service | io.on.connection | New connected socket [id: _Drsx4xMVOPk8pUkAAA3
17.4.2024, 17:32:43 - INFO - socket.service | socket.on.disconnect | Socket disconnected [userId: undefined]
17.4.2024, 17:32:43 - INFO - socket.service | io.on.connection | New connected socket [id: s-fAVhL4UIWYEZFlAAA5
17.4.2024, 17:32:44 - INFO - socket.service | io.on.connection | New connected socket [id: wI9pYLwQZkK9CEYkAAA7
17.4.2024, 17:32:44 - INFO - socket.service | socket.on.SOCKET_AUTH_EVENT_LOGIN | Setting socket.userId = 65e9885d465f1e7de899e251 ; socket.username = lucas for socket [id: wI9pYLwQZkK9CEYkAAA7]
17.4.2024, 23:44:33 - INFO - socket.service | socket.on.disconnect | Socket disconnected [userId: undefined]
17.4.2024, 23:44:34 - INFO - socket.service | socket.on.disconnect | Socket disconnected [userId: undefined]
17.4.2024, 23:44:34 - INFO - socket.service | socket.on.disconnect | Socket disconnected [userId: undefined]
17.4.2024, 23:44:39 - INFO - socket.service | io.on.connection | New connected socket [id: 2--75jSm3f5yPUJMAAA9
17.4.2024, 23:44:39 - INFO - socket.service | io.on.connection | New connected socket [id: oGdV1kvGpYZbccR7AAA_
17.4.2024, 23:49:51 - INFO - socket.service | socket.on.disconnect | Socket disconnected [userId: undefined]
17.4.2024, 23:49:51 - INFO - socket.service | socket.on.disconnect | Socket disconnected [userId: undefined]
18.4.2024, 8:42:07 - INFO - socket.service | io.on.connection | New connected socket [id: 6Dy6Qn1nqDHr90C0AABB
18.4.2024, 8:42:10 - INFO - socket.service | io.on.connection | New connected socket [id: rqP9N7sSjY0Ik7S2AABD
18.4.2024, 9:26:16 - INFO - socket.service | socket.on.disconnect | Socket disconnected [userId: undefined]
18.4.2024, 9:26:17 - INFO - socket.service | io.on.connection | New connected socket [id: T0o7c5xMAp1S6hpYAABF
18.4.2024, 9:26:17 - INFO - socket.service | socket.on.SOCKET_AUTH_EVENT_LOGIN | Setting socket.userId = 65e9885d465f1e7de899e251 ; socket.username = lucas for socket [id: T0o7c5xMAp1S6hpYAABF]
18.4.2024, 9:26:18 - INFO - socket.service | io.on.connection | New connected socket [id: mkCwSJfYy-1re3QVAABH
18.4.2024, 9:54:48 - INFO - socket.service | socket.on.disconnect | Socket disconnected [userId: undefined]
18.4.2024, 9:54:48 - INFO - socket.service | socket.on.disconnect | Socket disconnected [userId: undefined]
18.4.2024, 9:54:48 - INFO - socket.service | socket.on.disconnect | Socket disconnected [userId: undefined]
18.4.2024, 9:57:35 - INFO - socket.service | io.on.connection | New connected socket [id: GzHP-FoFC3JggY9tAABK
18.4.2024, 9:57:35 - INFO - socket.service | io.on.connection | New connected socket [id: TK5Mj4nfjLrkXDpVAABL
18.4.2024, 10:17:50 - INFO - socket.service | socket.on.disconnect | Socket disconnected [userId: undefined]
18.4.2024, 10:17:52 - INFO - socket.service | io.on.connection | New connected socket [id: FiynjlZmR37FTSRXAABO
18.4.2024, 10:17:53 - INFO - socket.service | io.on.connection | New connected socket [id: 3lArispd_1-638kOAABP
18.4.2024, 10:17:53 - INFO - socket.service | socket.on.SOCKET_AUTH_EVENT_LOGIN | Setting socket.userId = 65e9885d465f1e7de899e251 ; socket.username = lucas for socket [id: 3lArispd_1-638kOAABP]
18.4.2024, 10:24:26 - INFO - socket.service | socket.on.SOCKET_AUTH_EVENT_LOGOUT | Removing socket.userId = 65e9885d465f1e7de899e251 ; socket.username = lucas for socket [id: 3lArispd_1-638kOAABP]
18.4.2024, 10:24:39 - INFO - socket.service | socket.on.SOCKET_AUTH_EVENT_LOGIN | Setting socket.userId = 65f62d337651fac755a305ee ; socket.username = carinegoren for socket [id: 3lArispd_1-638kOAABP]
18.4.2024, 10:28:00 - DEBUG - AAA [controll]
18.4.2024, 10:28:01 - DEBUG - CCC
18.4.2024, 10:28:01 - DEBUG - BBB
18.4.2024, 10:28:01 - DEBUG - CCC [socket not exist]
18.4.2024, 10:28:01 - INFO - socket.service | emitToUser() | No active socket for user: greta
18.4.2024, 10:29:02 - DEBUG - BBB
18.4.2024, 10:29:02 - DEBUG - CCC
18.4.2024, 10:29:02 - INFO - socket.service | emitToUser() | No active socket for user: greta
18.4.2024, 10:29:02 - DEBUG - CCC [socket not exist]
18.4.2024, 10:39:13 - INFO - socket.service | socket.on.disconnect | Socket disconnected [userId: undefined]
18.4.2024, 10:39:13 - INFO - socket.service | socket.on.disconnect | Socket disconnected [userId: undefined]
18.4.2024, 10:39:14 - INFO - socket.service | io.on.connection | New connected socket [id: 4B0ZVtkak9IYznCQAABR
18.4.2024, 10:39:55 - INFO - socket.service | socket.on.disconnect | Socket disconnected [userId: undefined]
18.4.2024, 10:39:55 - INFO - socket.service | socket.on.disconnect | Socket disconnected [userId: undefined]
18.4.2024, 10:39:56 - INFO - socket.service | io.on.connection | New connected socket [id: fRH39KMiw7jjpm1UAABT
18.4.2024, 10:39:56 - INFO - socket.service | socket.on.SOCKET_AUTH_EVENT_LOGIN | Setting socket.userId = 65f62d337651fac755a305ee ; socket.username = carinegoren for socket [id: fRH39KMiw7jjpm1UAABT]
18.4.2024, 13:27:46 - INFO - socket.service | socket.on.disconnect | Socket disconnected [userId: undefined]
18.4.2024, 13:28:05 - INFO - socket.service | io.on.connection | New connected socket [id: -dv3FTXT9MP5oYYyAABV
18.4.2024, 13:28:06 - INFO - socket.service | socket.on.SOCKET_AUTH_EVENT_LOGIN | Setting socket.userId = 65f62d337651fac755a305ee ; socket.username = carinegoren for socket [id: -dv3FTXT9MP5oYYyAABV]
18.4.2024, 13:39:24 - INFO - socket.service | socket.on.disconnect | Socket disconnected [userId: undefined]
18.4.2024, 13:40:08 - INFO - socket.service | io.on.connection | New connected socket [id: nEIP_X2I_S4CF6i4AABX
18.4.2024, 13:40:12 - INFO - socket.service | socket.on.disconnect | Socket disconnected [userId: undefined]
18.4.2024, 21:40:02 - INFO - socket.service | io.on.connection | New connected socket [id: LXIEBhJK_AzjjcoOAABZ
18.4.2024, 22:33:04 - INFO - socket.service | socket.on.disconnect | Socket disconnected [userId: undefined]
18.4.2024, 22:34:08 - INFO - socket.service | io.on.connection | New connected socket [id: M-_fMNtuhfMWKbhTAABb
19.4.2024, 0:30:11 - INFO - socket.service | socket.on.disconnect | Socket disconnected [userId: undefined]
19.4.2024, 0:30:12 - INFO - socket.service | io.on.connection | New connected socket [id: HsEKDrN51OupWoPJAABd
19.4.2024, 0:30:15 - INFO - socket.service | socket.on.disconnect | Socket disconnected [userId: undefined]
19.4.2024, 0:30:30 - INFO - socket.service | io.on.connection | New connected socket [id: cwDLtPeOasNrWLq1AABf
19.4.2024, 0:35:37 - INFO - socket.service | socket.on.disconnect | Socket disconnected [userId: undefined]
19.4.2024, 0:39:29 - INFO - socket.service | io.on.connection | New connected socket [id: cgfD-0zSetkKnkmkAABh
19.4.2024, 0:39:33 - INFO - socket.service | socket.on.disconnect | Socket disconnected [userId: undefined]
19.4.2024, 0:40:59 - INFO - socket.service | io.on.connection | New connected socket [id: pROGEDom1vY94nfbAABj
19.4.2024, 0:59:31 - INFO - socket.service | socket.on.disconnect | Socket disconnected [userId: undefined]
19.4.2024, 11:18:48 - INFO - socket.service | io.on.connection | New connected socket [id: nIrt-2IwWPX8CXKWAABl
19.4.2024, 11:18:48 - INFO - socket.service | socket.on.disconnect | Socket disconnected [userId: undefined]
19.4.2024, 11:19:22 - INFO - socket.service | io.on.connection | New connected socket [id: TSfW-m1t_ej3W3L1AABn
19.4.2024, 11:19:24 - INFO - socket.service | socket.on.disconnect | Socket disconnected [userId: undefined]
19.4.2024, 11:19:27 - INFO - socket.service | io.on.connection | New connected socket [id: NSqe0yxKAycRba7CAABp
19.4.2024, 11:37:11 - INFO - socket.service | socket.on.disconnect | Socket disconnected [userId: undefined]
19.4.2024, 11:43:12 - INFO - socket.service | io.on.connection | New connected socket [id: Or1pAgK32UtrIww0AABr
19.4.2024, 11:48:39 - INFO - socket.service | socket.on.disconnect | Socket disconnected [userId: undefined]
19.4.2024, 15:39:34 - INFO - socket.service | io.on.connection | New connected socket [id: VeMmBzjjDYVOuzefAABt
19.4.2024, 16:08:25 - INFO - socket.service | socket.on.disconnect | Socket disconnected [userId: undefined]
19.4.2024, 16:08:33 - INFO - socket.service | io.on.connection | New connected socket [id: xjA-EdMkvvJlxiyDAABv
19.4.2024, 16:24:41 - INFO - socket.service | socket.on.disconnect | Socket disconnected [userId: undefined]
19.4.2024, 16:27:39 - INFO - socket.service | io.on.connection | New connected socket [id: o-PS3BT0MZ99fxTWAABx
19.4.2024, 19:50:09 - INFO - socket.service | socket.on.disconnect | Socket disconnected [userId: undefined]
19.4.2024, 19:50:13 - INFO - socket.service | io.on.connection | New connected socket [id: FQjGEGn531gDTlrDAABz
19.4.2024, 19:50:45 - INFO - socket.service | socket.on.disconnect | Socket disconnected [userId: undefined]
19.4.2024, 20:05:58 - INFO - socket.service | io.on.connection | New connected socket [id: t8uzeOSw1Pj3y7Q6AAB1
19.4.2024, 20:22:04 - INFO - server | listen() | Up and running on port 3031
19.4.2024, 20:22:05 - INFO - socket.service | io.on.connection | New connected socket [id: Hw2E_tCrTrsDznaNAAAB
19.4.2024, 20:32:45 - INFO - socket.service | socket.on.disconnect | Socket disconnected [userId: undefined]
19.4.2024, 20:34:07 - INFO - socket.service | io.on.connection | New connected socket [id: IoNabOfJ5BcPlZCRAAAD
19.4.2024, 21:34:32 - INFO - socket.service | socket.on.disconnect | Socket disconnected [userId: undefined]
19.4.2024, 21:34:34 - INFO - socket.service | io.on.connection | New connected socket [id: t5XTNwNL0oRG7A3YAAAF
19.4.2024, 21:39:56 - INFO - socket.service | socket.on.disconnect | Socket disconnected [userId: undefined]
19.4.2024, 21:50:36 - INFO - socket.service | io.on.connection | New connected socket [id: 5ZF16y-LLhQH45w4AAAH
19.4.2024, 22:18:44 - INFO - socket.service | socket.on.disconnect | Socket disconnected [userId: undefined]
19.4.2024, 22:22:35 - INFO - socket.service | io.on.connection | New connected socket [id: cMwOywXdTITrPABOAAAJ
19.4.2024, 22:53:54 - INFO - socket.service | socket.on.disconnect | Socket disconnected [userId: undefined]
19.4.2024, 22:53:55 - INFO - socket.service | io.on.connection | New connected socket [id: EaVPXC9Or-d-6NE1AAAL
19.4.2024, 22:53:56 - INFO - socket.service | socket.on.SOCKET_AUTH_EVENT_LOGIN | Setting socket.userId = 65f62d337651fac755a305ee ; socket.username = carinegoren for socket [id: EaVPXC9Or-d-6NE1AAAL]
19.4.2024, 22:57:57 - INFO - server | listen() | Up and running on port 3031
19.4.2024, 22:57:57 - INFO - socket.service | io.on.connection | New connected socket [id: AwnyfEDx4Q8UkYyiAAAB
